#
# There is insufficient memory for the Java Runtime Environment to continue.
# Native memory allocation (malloc) failed to allocate 236456 bytes. Error detail: Chunk::new
# Possible reasons:
#   The system is out of physical RAM or swap space
#   This process is running with CompressedOops enabled, and the Java Heap may be blocking the growth of the native heap
# Possible solutions:
#   Reduce memory load on the system
#   Increase physical memory or swap space
#   Check if swap backing store is full
#   Decrease Java heap size (-Xmx/-Xms)
#   Decrease number of Java threads
#   Decrease Java thread stack sizes (-Xss)
#   Set larger code cache with -XX:ReservedCodeCacheSize=
#   JVM is running with Unscaled Compressed Oops mode in which the Java heap is
#     placed in the first 4GB address space. The Java Heap base address is the
#     maximum limit for the native heap growth. Please use -XX:HeapBaseMinAddress
#     to set the Java Heap base and to place the Java Heap above 4GB virtual address.
# This output file may be truncated or incomplete.
#
#  Out of Memory Error (arena.cpp:162), pid=23520, tid=1608
#
# JRE version: OpenJDK Runtime Environment Zulu24.32+13-CA (24.0.2+12) (build 24.0.2+12)
# Java VM: OpenJDK 64-Bit Server VM Zulu24.32+13-CA (24.0.2+12, mixed mode, sharing, tiered, compressed oops, compressed class ptrs, g1 gc, windows-amd64)
# No core dump will be written. Minidumps are not enabled by default on client versions of Windows
#

---------------  S U M M A R Y ------------

Command Line: -Dfile.encoding=UTF-8 --module-path=C:\Users\DELL\OneDrive\Documents\NetBeansProjects\Employee Management\build\classes employee.management.Splash

Host: Intel(R) Core(TM) i5-8250U CPU @ 1.60GHz, 8 cores, 7G,  Windows 11 , 64 bit Build 22621 (10.0.22621.5415)
Time: Fri Oct 24 13:41:10 2025 India Standard Time elapsed time: 5617.271704 seconds (0d 1h 33m 37s)

---------------  T H R E A D  ---------------

Current thread (0x000002a4111b3450):  JavaThread "C2 CompilerThread0" daemon [_thread_in_native, id=1608, stack(0x000000f27f900000,0x000000f27fa00000) (1024K)]


Current CompileTask:
C2:5617271 2586       4       javax.swing.JComponent::repaint (19 bytes)

Stack: [0x000000f27f900000,0x000000f27fa00000]
Native frames: (J=compiled Java code, j=interpreted, Vv=VM code, C=native code)
V  [jvm.dll+0x741329]  (no source info available)
V  [jvm.dll+0x97e243]  (no source info available)
V  [jvm.dll+0x98056d]  (no source info available)
V  [jvm.dll+0x980be3]  (no source info available)
V  [jvm.dll+0x2b5a76]  (no source info available)
V  [jvm.dll+0xd00af]  (no source info available)
V  [jvm.dll+0xd030f]  (no source info available)
V  [jvm.dll+0x4012dc]  (no source info available)
V  [jvm.dll+0x20f8a5]  (no source info available)
V  [jvm.dll+0x27a36a]  (no source info available)
V  [jvm.dll+0x279591]  (no source info available)
V  [jvm.dll+0x1f30fa]  (no source info available)
V  [jvm.dll+0x288d95]  (no source info available)
V  [jvm.dll+0x28702a]  (no source info available)
V  [jvm.dll+0x43e016]  (no source info available)
V  [jvm.dll+0x920c78]  (no source info available)
V  [jvm.dll+0x73fab5]  (no source info available)
C  [ucrtbase.dll+0x29333]  (no source info available)
C  [KERNEL32.DLL+0x1259d]  (no source info available)
C  [ntdll.dll+0x5af78]  (no source info available)

Lock stack of current Java thread (top to bottom):


---------------  P R O C E S S  ---------------

Threads class SMR info:
_java_thread_list=0x000002a4590d01a0, length=18, elements={
0x000002a4111a3490, 0x000002a4111a4de0, 0x000002a4111a7ca0, 0x000002a4111a87d0,
0x000002a4111a9300, 0x000002a4111af460, 0x000002a4111b3450, 0x000002a4111b4100,
0x000002a4112e9b50, 0x000002a411368800, 0x000002a41136bf80, 0x000002a411a72550,
0x000002a411a72c90, 0x000002a411bc4f60, 0x000002a411c29790, 0x000002a471e4d200,
0x000002a411dbdc40, 0x000002a411ac1f60
}

Java Threads: ( => current thread )
  0x000002a4111a3490 JavaThread "Reference Handler"          daemon [_thread_blocked, id=24188, stack(0x000000f27f300000,0x000000f27f400000) (1024K)]
  0x000002a4111a4de0 JavaThread "Finalizer"                  daemon [_thread_blocked, id=26064, stack(0x000000f27f400000,0x000000f27f500000) (1024K)]
  0x000002a4111a7ca0 JavaThread "Signal Dispatcher"          daemon [_thread_blocked, id=22100, stack(0x000000f27f500000,0x000000f27f600000) (1024K)]
  0x000002a4111a87d0 JavaThread "Attach Listener"            daemon [_thread_blocked, id=9692, stack(0x000000f27f600000,0x000000f27f700000) (1024K)]
  0x000002a4111a9300 JavaThread "Service Thread"             daemon [_thread_blocked, id=19692, stack(0x000000f27f700000,0x000000f27f800000) (1024K)]
  0x000002a4111af460 JavaThread "Monitor Deflation Thread"   daemon [_thread_blocked, id=16772, stack(0x000000f27f800000,0x000000f27f900000) (1024K)]
=>0x000002a4111b3450 JavaThread "C2 CompilerThread0"         daemon [_thread_in_native, id=1608, stack(0x000000f27f900000,0x000000f27fa00000) (1024K)]
  0x000002a4111b4100 JavaThread "C1 CompilerThread0"         daemon [_thread_blocked, id=1620, stack(0x000000f27fa00000,0x000000f27fb00000) (1024K)]
  0x000002a4112e9b50 JavaThread "Common-Cleaner"             daemon [_thread_blocked, id=22560, stack(0x000000f27fb00000,0x000000f27fc00000) (1024K)]
  0x000002a411368800 JavaThread "Notification Thread"        daemon [_thread_blocked, id=25684, stack(0x000000f27fc00000,0x000000f27fd00000) (1024K)]
  0x000002a41136bf80 JavaThread "Java2D Disposer"            daemon [_thread_blocked, id=7384, stack(0x000000f27fd00000,0x000000f27fe00000) (1024K)]
  0x000002a411a72550 JavaThread "AWT-Shutdown"                      [_thread_blocked, id=19764, stack(0x000000f27fe00000,0x000000f27ff00000) (1024K)]
  0x000002a411a72c90 JavaThread "AWT-Windows"                daemon [_thread_in_native, id=9012, stack(0x000000f27ff00000,0x000000f280000000) (1024K)]
  0x000002a411bc4f60 JavaThread "AWT-EventQueue-0"                  [_thread_blocked, id=8196, stack(0x000000f200100000,0x000000f200200000) (1024K)]
  0x000002a411c29790 JavaThread "Thread-0"                          [_thread_blocked, id=2040, stack(0x000000f200200000,0x000000f200300000) (1024K)]
  0x000002a471e4d200 JavaThread "DestroyJavaVM"                     [_thread_blocked, id=23628, stack(0x000000f27eb00000,0x000000f27ec00000) (1024K)]
  0x000002a411dbdc40 JavaThread "TimerQueue"                 daemon [_thread_blocked, id=16036, stack(0x000000f200600000,0x000000f200700000) (1024K)]
  0x000002a411ac1f60 JavaThread "mysql-cj-abandoned-connection-cleanup" daemon [_thread_blocked, id=5304, stack(0x000000f200000000,0x000000f200100000) (1024K)]
Total: 18

Other Threads:
  0x000002a4111921d0 VMThread "VM Thread"                           [id=18704, stack(0x000000f27f200000,0x000000f27f300000) (1024K)]
  0x000002a411183750 WatcherThread "VM Periodic Task Thread"        [id=26072, stack(0x000000f27f100000,0x000000f27f200000) (1024K)]
  0x000002a4741a0a30 WorkerThread "GC Thread#0"                     [id=25380, stack(0x000000f27ec00000,0x000000f27ed00000) (1024K)]
  0x000002a45924f6c0 WorkerThread "GC Thread#1"                     [id=5764, stack(0x000000f200700000,0x000000f200800000) (1024K)]
  0x000002a45924fa70 WorkerThread "GC Thread#2"                     [id=18724, stack(0x000000f200800000,0x000000f200900000) (1024K)]
  0x000002a411a51fb0 WorkerThread "GC Thread#3"                     [id=20184, stack(0x000000f200900000,0x000000f200a00000) (1024K)]
  0x000002a411a52360 WorkerThread "GC Thread#4"                     [id=26516, stack(0x000000f200a00000,0x000000f200b00000) (1024K)]
  0x000002a411a52f30 WorkerThread "GC Thread#5"                     [id=17492, stack(0x000000f200b00000,0x000000f200c00000) (1024K)]
  0x000002a411a532e0 WorkerThread "GC Thread#6"                     [id=17608, stack(0x000000f200c00000,0x000000f200d00000) (1024K)]
  0x000002a4119aaea0 WorkerThread "GC Thread#7"                     [id=25728, stack(0x000000f200d00000,0x000000f200e00000) (1024K)]
  0x000002a4741b56b0 ConcurrentGCThread "G1 Main Marker"            [id=26332, stack(0x000000f27ed00000,0x000000f27ee00000) (1024K)]
  0x000002a4741b6960 WorkerThread "G1 Conc#0"                       [id=24276, stack(0x000000f27ee00000,0x000000f27ef00000) (1024K)]
  0x000002a411044160 ConcurrentGCThread "G1 Refine#0"               [id=12904, stack(0x000000f27ef00000,0x000000f27f000000) (1024K)]
  0x000002a411044ce0 ConcurrentGCThread "G1 Service"                [id=25860, stack(0x000000f27f000000,0x000000f27f100000) (1024K)]
Total: 14

Threads with active compile tasks:
C2 CompilerThread0  5617485 2586       4       javax.swing.JComponent::repaint (19 bytes)
Total: 1

VM state: not at safepoint (normal execution)

VM Mutex/Monitor currently owned by a thread: None

Heap address: 0x0000000082200000, size: 2014 MB, Compressed Oops mode: 32-bit

CDS archive(s) mapped at: [0x000002a412000000-0x000002a412d40000-0x000002a412d40000), size 13893632, SharedBaseAddress: 0x000002a412000000, ArchiveRelocationMode: 1.
Compressed class space mapped at: 0x000002a413000000-0x000002a453000000, reserved size: 1073741824
UseCompressedClassPointers 1, UseCompactObjectHeaders 0
Narrow klass pointer bits 32, Max shift 3
Narrow klass base: 0x000002a412000000, Narrow klass shift: 0
Encoding Range: [0x000002a412000000 - 0x000002a512000000), (4294967296 bytes)
Klass Range:    [0x000002a412000000 - 0x000002a453000000), (1090519040 bytes)
Klass ID Range:  [8 - 1090519033) (1090519025)

GC Precious Log:
 CardTable entry size: 512
 Card Set container configuration: InlinePtr #cards 5 size 8 Array Of Cards #cards 10 size 36 Howl #buckets 4 coarsen threshold 1843 Howl Bitmap #cards 512 size 80 coarsen threshold 460 Card regions per heap region 1 cards per card region 2048
 CPUs: 8 total, 8 available
 Memory: 8050M
 Large Page Support: Disabled
 NUMA Support: Disabled
 Compressed Oops: Enabled (32-bit)
 Heap Region Size: 1M
 Heap Min Capacity: 8M
 Heap Initial Capacity: 126M
 Heap Max Capacity: 2014M
 Pre-touch: Disabled
 Parallel Workers: 8
 Concurrent Workers: 2
 Concurrent Refinement Workers: 8
 Periodic GC: Disabled

Heap:
 garbage-first heap   total reserved 2062336K, committed 131072K, used 30960K [0x0000000082200000, 0x0000000100000000)
  region size 1024K, 9 young (9216K), 6 survivors (6144K)
 Metaspace       used 17844K, committed 18112K, reserved 1114112K
  class space    used 1634K, committed 1792K, reserved 1048576K

Heap Regions: E=young(eden), S=young(survivor), O=old, HS=humongous(starts), HC=humongous(continues), CS=collection set, F=free, TAMS=top-at-mark-start, PB=parsable bottom
|   0|0x0000000082200000, 0x0000000082300000, 0x0000000082300000|100%|HS|  |TAMS 0x0000000082200000| PB 0x0000000082200000| Complete |  0
|   1|0x0000000082300000, 0x0000000082400000, 0x0000000082400000|100%|HC|  |TAMS 0x0000000082300000| PB 0x0000000082300000| Complete |  0
|   2|0x0000000082400000, 0x0000000082500000, 0x0000000082500000|100%|HC|  |TAMS 0x0000000082400000| PB 0x0000000082400000| Complete |  0
|   3|0x0000000082500000, 0x0000000082600000, 0x0000000082600000|100%|HC|  |TAMS 0x0000000082500000| PB 0x0000000082500000| Complete |  0
|   4|0x0000000082600000, 0x0000000082700000, 0x0000000082700000|100%|HS|  |TAMS 0x0000000082600000| PB 0x0000000082600000| Complete |  0
|   5|0x0000000082700000, 0x0000000082800000, 0x0000000082800000|100%|HC|  |TAMS 0x0000000082700000| PB 0x0000000082700000| Complete |  0
|   6|0x0000000082800000, 0x0000000082900000, 0x0000000082900000|100%|HC|  |TAMS 0x0000000082800000| PB 0x0000000082800000| Complete |  0
|   7|0x0000000082900000, 0x0000000082a00000, 0x0000000082a00000|100%|HS|  |TAMS 0x0000000082900000| PB 0x0000000082900000| Complete |  0
|   8|0x0000000082a00000, 0x0000000082b00000, 0x0000000082b00000|100%|HC|  |TAMS 0x0000000082a00000| PB 0x0000000082a00000| Complete |  0
|   9|0x0000000082b00000, 0x0000000082c00000, 0x0000000082c00000|100%|HC|  |TAMS 0x0000000082b00000| PB 0x0000000082b00000| Complete |  0
|  10|0x0000000082c00000, 0x0000000082d00000, 0x0000000082d00000|100%|HC|  |TAMS 0x0000000082c00000| PB 0x0000000082c00000| Complete |  0
|  11|0x0000000082d00000, 0x0000000082e00000, 0x0000000082e00000|100%|HC|  |TAMS 0x0000000082d00000| PB 0x0000000082d00000| Complete |  0
|  12|0x0000000082e00000, 0x0000000082f00000, 0x0000000082f00000|100%|HC|  |TAMS 0x0000000082e00000| PB 0x0000000082e00000| Complete |  0
|  13|0x0000000082f00000, 0x0000000083000000, 0x0000000083000000|100%|HC|  |TAMS 0x0000000082f00000| PB 0x0000000082f00000| Complete |  0
|  14|0x0000000083000000, 0x0000000083100000, 0x0000000083100000|100%|HS|  |TAMS 0x0000000083000000| PB 0x0000000083000000| Complete |  0
|  15|0x0000000083100000, 0x0000000083200000, 0x0000000083200000|100%|HC|  |TAMS 0x0000000083100000| PB 0x0000000083100000| Complete |  0
|  16|0x0000000083200000, 0x0000000083300000, 0x0000000083300000|100%|HS|  |TAMS 0x0000000083200000| PB 0x0000000083200000| Complete |  0
|  17|0x0000000083300000, 0x0000000083400000, 0x0000000083400000|100%|HC|  |TAMS 0x0000000083300000| PB 0x0000000083300000| Complete |  0
|  18|0x0000000083400000, 0x0000000083500000, 0x0000000083500000|100%|HC|  |TAMS 0x0000000083400000| PB 0x0000000083400000| Complete |  0
|  19|0x0000000083500000, 0x0000000083600000, 0x0000000083600000|100%|HS|  |TAMS 0x0000000083500000| PB 0x0000000083500000| Complete |  0
|  20|0x0000000083600000, 0x0000000083700000, 0x0000000083700000|100%|HC|  |TAMS 0x0000000083600000| PB 0x0000000083600000| Complete |  0
|  21|0x0000000083700000, 0x0000000083800000, 0x0000000083800000|100%|HC|  |TAMS 0x0000000083700000| PB 0x0000000083700000| Complete |  0
|  22|0x0000000083800000, 0x0000000083800000, 0x0000000083900000|  0%| F|  |TAMS 0x0000000083800000| PB 0x0000000083800000| Untracked |  0
|  23|0x0000000083900000, 0x0000000083900000, 0x0000000083a00000|  0%| F|  |TAMS 0x0000000083900000| PB 0x0000000083900000| Untracked |  0
|  24|0x0000000083a00000, 0x0000000083a00000, 0x0000000083b00000|  0%| F|  |TAMS 0x0000000083a00000| PB 0x0000000083a00000| Untracked |  0
|  25|0x0000000083b00000, 0x0000000083b00000, 0x0000000083c00000|  0%| F|  |TAMS 0x0000000083b00000| PB 0x0000000083b00000| Untracked |  0
|  26|0x0000000083c00000, 0x0000000083c00000, 0x0000000083d00000|  0%| F|  |TAMS 0x0000000083c00000| PB 0x0000000083c00000| Untracked |  0
|  27|0x0000000083d00000, 0x0000000083d00000, 0x0000000083e00000|  0%| F|  |TAMS 0x0000000083d00000| PB 0x0000000083d00000| Untracked |  0
|  28|0x0000000083e00000, 0x0000000083e00000, 0x0000000083f00000|  0%| F|  |TAMS 0x0000000083e00000| PB 0x0000000083e00000| Untracked |  0
|  29|0x0000000083f00000, 0x0000000083f00000, 0x0000000084000000|  0%| F|  |TAMS 0x0000000083f00000| PB 0x0000000083f00000| Untracked |  0
|  30|0x0000000084000000, 0x0000000084000000, 0x0000000084100000|  0%| F|  |TAMS 0x0000000084000000| PB 0x0000000084000000| Untracked |  0
|  31|0x0000000084100000, 0x0000000084100000, 0x0000000084200000|  0%| F|  |TAMS 0x0000000084100000| PB 0x0000000084100000| Untracked |  0
|  32|0x0000000084200000, 0x0000000084200000, 0x0000000084300000|  0%| F|  |TAMS 0x0000000084200000| PB 0x0000000084200000| Untracked |  0
|  33|0x0000000084300000, 0x0000000084300000, 0x0000000084400000|  0%| F|  |TAMS 0x0000000084300000| PB 0x0000000084300000| Untracked |  0
|  34|0x0000000084400000, 0x0000000084400000, 0x0000000084500000|  0%| F|  |TAMS 0x0000000084400000| PB 0x0000000084400000| Untracked |  0
|  35|0x0000000084500000, 0x0000000084500000, 0x0000000084600000|  0%| F|  |TAMS 0x0000000084500000| PB 0x0000000084500000| Untracked |  0
|  36|0x0000000084600000, 0x0000000084600000, 0x0000000084700000|  0%| F|  |TAMS 0x0000000084600000| PB 0x0000000084600000| Untracked |  0
|  37|0x0000000084700000, 0x0000000084700000, 0x0000000084800000|  0%| F|  |TAMS 0x0000000084700000| PB 0x0000000084700000| Untracked |  0
|  38|0x0000000084800000, 0x0000000084800000, 0x0000000084900000|  0%| F|  |TAMS 0x0000000084800000| PB 0x0000000084800000| Untracked |  0
|  39|0x0000000084900000, 0x0000000084900000, 0x0000000084a00000|  0%| F|  |TAMS 0x0000000084900000| PB 0x0000000084900000| Untracked |  0
|  40|0x0000000084a00000, 0x0000000084a00000, 0x0000000084b00000|  0%| F|  |TAMS 0x0000000084a00000| PB 0x0000000084a00000| Untracked |  0
|  41|0x0000000084b00000, 0x0000000084b00000, 0x0000000084c00000|  0%| F|  |TAMS 0x0000000084b00000| PB 0x0000000084b00000| Untracked |  0
|  42|0x0000000084c00000, 0x0000000084c00000, 0x0000000084d00000|  0%| F|  |TAMS 0x0000000084c00000| PB 0x0000000084c00000| Untracked |  0
|  43|0x0000000084d00000, 0x0000000084d00000, 0x0000000084e00000|  0%| F|  |TAMS 0x0000000084d00000| PB 0x0000000084d00000| Untracked |  0
|  44|0x0000000084e00000, 0x0000000084e00000, 0x0000000084f00000|  0%| F|  |TAMS 0x0000000084e00000| PB 0x0000000084e00000| Untracked |  0
|  45|0x0000000084f00000, 0x0000000084f00000, 0x0000000085000000|  0%| F|  |TAMS 0x0000000084f00000| PB 0x0000000084f00000| Untracked |  0
|  46|0x0000000085000000, 0x0000000085000000, 0x0000000085100000|  0%| F|  |TAMS 0x0000000085000000| PB 0x0000000085000000| Untracked |  0
|  47|0x0000000085100000, 0x0000000085100000, 0x0000000085200000|  0%| F|  |TAMS 0x0000000085100000| PB 0x0000000085100000| Untracked |  0
|  48|0x0000000085200000, 0x0000000085200000, 0x0000000085300000|  0%| F|  |TAMS 0x0000000085200000| PB 0x0000000085200000| Untracked |  0
|  49|0x0000000085300000, 0x0000000085300000, 0x0000000085400000|  0%| F|  |TAMS 0x0000000085300000| PB 0x0000000085300000| Untracked |  0
|  50|0x0000000085400000, 0x0000000085400000, 0x0000000085500000|  0%| F|  |TAMS 0x0000000085400000| PB 0x0000000085400000| Untracked |  0
|  51|0x0000000085500000, 0x0000000085500000, 0x0000000085600000|  0%| F|  |TAMS 0x0000000085500000| PB 0x0000000085500000| Untracked |  0
|  52|0x0000000085600000, 0x0000000085600000, 0x0000000085700000|  0%| F|  |TAMS 0x0000000085600000| PB 0x0000000085600000| Untracked |  0
|  53|0x0000000085700000, 0x0000000085700000, 0x0000000085800000|  0%| F|  |TAMS 0x0000000085700000| PB 0x0000000085700000| Untracked |  0
|  54|0x0000000085800000, 0x0000000085800000, 0x0000000085900000|  0%| F|  |TAMS 0x0000000085800000| PB 0x0000000085800000| Untracked |  0
|  55|0x0000000085900000, 0x0000000085900000, 0x0000000085a00000|  0%| F|  |TAMS 0x0000000085900000| PB 0x0000000085900000| Untracked |  0
|  56|0x0000000085a00000, 0x0000000085a00000, 0x0000000085b00000|  0%| F|  |TAMS 0x0000000085a00000| PB 0x0000000085a00000| Untracked |  0
|  57|0x0000000085b00000, 0x0000000085b00000, 0x0000000085c00000|  0%| F|  |TAMS 0x0000000085b00000| PB 0x0000000085b00000| Untracked |  0
|  58|0x0000000085c00000, 0x0000000085c00000, 0x0000000085d00000|  0%| F|  |TAMS 0x0000000085c00000| PB 0x0000000085c00000| Untracked |  0
|  59|0x0000000085d00000, 0x0000000085d00000, 0x0000000085e00000|  0%| F|  |TAMS 0x0000000085d00000| PB 0x0000000085d00000| Untracked |  0
|  60|0x0000000085e00000, 0x0000000085e00000, 0x0000000085f00000|  0%| F|  |TAMS 0x0000000085e00000| PB 0x0000000085e00000| Untracked |  0
|  61|0x0000000085f00000, 0x0000000085f00000, 0x0000000086000000|  0%| F|  |TAMS 0x0000000085f00000| PB 0x0000000085f00000| Untracked |  0
|  62|0x0000000086000000, 0x0000000086000000, 0x0000000086100000|  0%| F|  |TAMS 0x0000000086000000| PB 0x0000000086000000| Untracked |  0
|  63|0x0000000086100000, 0x0000000086100000, 0x0000000086200000|  0%| F|  |TAMS 0x0000000086100000| PB 0x0000000086100000| Untracked |  0
|  64|0x0000000086200000, 0x0000000086200000, 0x0000000086300000|  0%| F|  |TAMS 0x0000000086200000| PB 0x0000000086200000| Untracked |  0
|  65|0x0000000086300000, 0x0000000086300000, 0x0000000086400000|  0%| F|  |TAMS 0x0000000086300000| PB 0x0000000086300000| Untracked |  0
|  66|0x0000000086400000, 0x0000000086400000, 0x0000000086500000|  0%| F|  |TAMS 0x0000000086400000| PB 0x0000000086400000| Untracked |  0
|  67|0x0000000086500000, 0x0000000086500000, 0x0000000086600000|  0%| F|  |TAMS 0x0000000086500000| PB 0x0000000086500000| Untracked |  0
|  68|0x0000000086600000, 0x0000000086600000, 0x0000000086700000|  0%| F|  |TAMS 0x0000000086600000| PB 0x0000000086600000| Untracked |  0
|  69|0x0000000086700000, 0x0000000086700000, 0x0000000086800000|  0%| F|  |TAMS 0x0000000086700000| PB 0x0000000086700000| Untracked |  0
|  70|0x0000000086800000, 0x0000000086800000, 0x0000000086900000|  0%| F|  |TAMS 0x0000000086800000| PB 0x0000000086800000| Untracked |  0
|  71|0x0000000086900000, 0x0000000086900000, 0x0000000086a00000|  0%| F|  |TAMS 0x0000000086900000| PB 0x0000000086900000| Untracked |  0
|  72|0x0000000086a00000, 0x0000000086a00000, 0x0000000086b00000|  0%| F|  |TAMS 0x0000000086a00000| PB 0x0000000086a00000| Untracked |  0
|  73|0x0000000086b00000, 0x0000000086b20000, 0x0000000086c00000| 12%| S|CS|TAMS 0x0000000086b00000| PB 0x0000000086b00000| Complete |  0
|  74|0x0000000086c00000, 0x0000000086d00000, 0x0000000086d00000|100%| S|CS|TAMS 0x0000000086c00000| PB 0x0000000086c00000| Complete |  0
|  75|0x0000000086d00000, 0x0000000086e00000, 0x0000000086e00000|100%| S|CS|TAMS 0x0000000086d00000| PB 0x0000000086d00000| Complete |  0
|  76|0x0000000086e00000, 0x0000000086f00000, 0x0000000086f00000|100%| S|CS|TAMS 0x0000000086e00000| PB 0x0000000086e00000| Complete |  0
|  77|0x0000000086f00000, 0x0000000087000000, 0x0000000087000000|100%| S|CS|TAMS 0x0000000086f00000| PB 0x0000000086f00000| Complete |  0
|  78|0x0000000087000000, 0x0000000087100000, 0x0000000087100000|100%| S|CS|TAMS 0x0000000087000000| PB 0x0000000087000000| Complete |  0
|  79|0x0000000087100000, 0x0000000087100000, 0x0000000087200000|  0%| F|  |TAMS 0x0000000087100000| PB 0x0000000087100000| Untracked |  0
|  80|0x0000000087200000, 0x0000000087200000, 0x0000000087300000|  0%| F|  |TAMS 0x0000000087200000| PB 0x0000000087200000| Untracked |  0
|  81|0x0000000087300000, 0x0000000087300000, 0x0000000087400000|  0%| F|  |TAMS 0x0000000087300000| PB 0x0000000087300000| Untracked |  0
|  82|0x0000000087400000, 0x0000000087400000, 0x0000000087500000|  0%| F|  |TAMS 0x0000000087400000| PB 0x0000000087400000| Untracked |  0
|  83|0x0000000087500000, 0x0000000087500000, 0x0000000087600000|  0%| F|  |TAMS 0x0000000087500000| PB 0x0000000087500000| Untracked |  0
|  84|0x0000000087600000, 0x0000000087600000, 0x0000000087700000|  0%| F|  |TAMS 0x0000000087600000| PB 0x0000000087600000| Untracked |  0
|  85|0x0000000087700000, 0x0000000087700000, 0x0000000087800000|  0%| F|  |TAMS 0x0000000087700000| PB 0x0000000087700000| Untracked |  0
|  86|0x0000000087800000, 0x0000000087800000, 0x0000000087900000|  0%| F|  |TAMS 0x0000000087800000| PB 0x0000000087800000| Untracked |  0
|  87|0x0000000087900000, 0x0000000087900000, 0x0000000087a00000|  0%| F|  |TAMS 0x0000000087900000| PB 0x0000000087900000| Untracked |  0
|  88|0x0000000087a00000, 0x0000000087a00000, 0x0000000087b00000|  0%| F|  |TAMS 0x0000000087a00000| PB 0x0000000087a00000| Untracked |  0
|  89|0x0000000087b00000, 0x0000000087b00000, 0x0000000087c00000|  0%| F|  |TAMS 0x0000000087b00000| PB 0x0000000087b00000| Untracked |  0
|  90|0x0000000087c00000, 0x0000000087c00000, 0x0000000087d00000|  0%| F|  |TAMS 0x0000000087c00000| PB 0x0000000087c00000| Untracked |  0
|  91|0x0000000087d00000, 0x0000000087d00000, 0x0000000087e00000|  0%| F|  |TAMS 0x0000000087d00000| PB 0x0000000087d00000| Untracked |  0
|  92|0x0000000087e00000, 0x0000000087e00000, 0x0000000087f00000|  0%| F|  |TAMS 0x0000000087e00000| PB 0x0000000087e00000| Untracked |  0
|  93|0x0000000087f00000, 0x0000000087f00000, 0x0000000088000000|  0%| F|  |TAMS 0x0000000087f00000| PB 0x0000000087f00000| Untracked |  0
|  94|0x0000000088000000, 0x0000000088000000, 0x0000000088100000|  0%| F|  |TAMS 0x0000000088000000| PB 0x0000000088000000| Untracked |  0
|  95|0x0000000088100000, 0x0000000088100000, 0x0000000088200000|  0%| F|  |TAMS 0x0000000088100000| PB 0x0000000088100000| Untracked |  0
|  96|0x0000000088200000, 0x0000000088200000, 0x0000000088300000|  0%| F|  |TAMS 0x0000000088200000| PB 0x0000000088200000| Untracked |  0
|  97|0x0000000088300000, 0x0000000088300000, 0x0000000088400000|  0%| F|  |TAMS 0x0000000088300000| PB 0x0000000088300000| Untracked |  0
|  98|0x0000000088400000, 0x0000000088400000, 0x0000000088500000|  0%| F|  |TAMS 0x0000000088400000| PB 0x0000000088400000| Untracked |  0
|  99|0x0000000088500000, 0x0000000088500000, 0x0000000088600000|  0%| F|  |TAMS 0x0000000088500000| PB 0x0000000088500000| Untracked |  0
| 100|0x0000000088600000, 0x0000000088600000, 0x0000000088700000|  0%| F|  |TAMS 0x0000000088600000| PB 0x0000000088600000| Untracked |  0
| 101|0x0000000088700000, 0x0000000088700000, 0x0000000088800000|  0%| F|  |TAMS 0x0000000088700000| PB 0x0000000088700000| Untracked |  0
| 102|0x0000000088800000, 0x0000000088800000, 0x0000000088900000|  0%| F|  |TAMS 0x0000000088800000| PB 0x0000000088800000| Untracked |  0
| 103|0x0000000088900000, 0x0000000088900000, 0x0000000088a00000|  0%| F|  |TAMS 0x0000000088900000| PB 0x0000000088900000| Untracked |  0
| 104|0x0000000088a00000, 0x0000000088a00000, 0x0000000088b00000|  0%| F|  |TAMS 0x0000000088a00000| PB 0x0000000088a00000| Untracked |  0
| 105|0x0000000088b00000, 0x0000000088b00000, 0x0000000088c00000|  0%| F|  |TAMS 0x0000000088b00000| PB 0x0000000088b00000| Untracked |  0
| 106|0x0000000088c00000, 0x0000000088c00000, 0x0000000088d00000|  0%| F|  |TAMS 0x0000000088c00000| PB 0x0000000088c00000| Untracked |  0
| 107|0x0000000088d00000, 0x0000000088d00000, 0x0000000088e00000|  0%| F|  |TAMS 0x0000000088d00000| PB 0x0000000088d00000| Untracked |  0
| 108|0x0000000088e00000, 0x0000000088e00000, 0x0000000088f00000|  0%| F|  |TAMS 0x0000000088e00000| PB 0x0000000088e00000| Untracked |  0
| 109|0x0000000088f00000, 0x0000000088f00000, 0x0000000089000000|  0%| F|  |TAMS 0x0000000088f00000| PB 0x0000000088f00000| Untracked |  0
| 110|0x0000000089000000, 0x0000000089000000, 0x0000000089100000|  0%| F|  |TAMS 0x0000000089000000| PB 0x0000000089000000| Untracked |  0
| 111|0x0000000089100000, 0x0000000089100000, 0x0000000089200000|  0%| F|  |TAMS 0x0000000089100000| PB 0x0000000089100000| Untracked |  0
| 112|0x0000000089200000, 0x0000000089200000, 0x0000000089300000|  0%| F|  |TAMS 0x0000000089200000| PB 0x0000000089200000| Untracked |  0
| 113|0x0000000089300000, 0x0000000089300000, 0x0000000089400000|  0%| F|  |TAMS 0x0000000089300000| PB 0x0000000089300000| Untracked |  0
| 114|0x0000000089400000, 0x0000000089400000, 0x0000000089500000|  0%| F|  |TAMS 0x0000000089400000| PB 0x0000000089400000| Untracked |  0
| 115|0x0000000089500000, 0x0000000089500000, 0x0000000089600000|  0%| F|  |TAMS 0x0000000089500000| PB 0x0000000089500000| Untracked |  0
| 116|0x0000000089600000, 0x0000000089600000, 0x0000000089700000|  0%| F|  |TAMS 0x0000000089600000| PB 0x0000000089600000| Untracked |  0
| 117|0x0000000089700000, 0x0000000089700000, 0x0000000089800000|  0%| F|  |TAMS 0x0000000089700000| PB 0x0000000089700000| Untracked |  0
| 118|0x0000000089800000, 0x0000000089800000, 0x0000000089900000|  0%| F|  |TAMS 0x0000000089800000| PB 0x0000000089800000| Untracked |  0
| 119|0x0000000089900000, 0x0000000089900000, 0x0000000089a00000|  0%| F|  |TAMS 0x0000000089900000| PB 0x0000000089900000| Untracked |  0
| 120|0x0000000089a00000, 0x0000000089a00000, 0x0000000089b00000|  0%| F|  |TAMS 0x0000000089a00000| PB 0x0000000089a00000| Untracked |  0
| 121|0x0000000089b00000, 0x0000000089b00000, 0x0000000089c00000|  0%| F|  |TAMS 0x0000000089b00000| PB 0x0000000089b00000| Untracked |  0
| 122|0x0000000089c00000, 0x0000000089c00000, 0x0000000089d00000|  0%| F|  |TAMS 0x0000000089c00000| PB 0x0000000089c00000| Untracked |  0
| 123|0x0000000089d00000, 0x0000000089d37d68, 0x0000000089e00000| 21%| E|  |TAMS 0x0000000089d00000| PB 0x0000000089d00000| Complete |  0
| 124|0x0000000089e00000, 0x0000000089f00000, 0x0000000089f00000|100%| E|CS|TAMS 0x0000000089e00000| PB 0x0000000089e00000| Complete |  0
| 125|0x0000000089f00000, 0x000000008a000000, 0x000000008a000000|100%| E|CS|TAMS 0x0000000089f00000| PB 0x0000000089f00000| Complete |  0
|2012|0x00000000ffe00000, 0x00000000fff00000, 0x00000000fff00000|100%| O|  |TAMS 0x00000000ffe00000| PB 0x00000000ffe00000| Untracked |  0
|2013|0x00000000fff00000, 0x00000000fff1c318, 0x0000000100000000| 11%| O|  |TAMS 0x00000000fff00000| PB 0x00000000fff00000| Untracked |  0

Card table byte_map: [0x000002a47d370000,0x000002a47d760000] _byte_map_base: 0x000002a47cf5f000

Marking Bits: (CMBitMap*) 0x000002a4741a1140
 Bits: [0x000002a47d760000, 0x000002a47f6d8000)

Polling page: 0x000002a473920000

Metaspace:

Usage:
  Non-class:     15.83 MB used.
      Class:      1.60 MB used.
       Both:     17.43 MB used.

Virtual space:
  Non-class space:       64.00 MB reserved,      15.94 MB ( 25%) committed,  1 nodes.
      Class space:        1.00 GB reserved,       1.75 MB ( <1%) committed,  1 nodes.
             Both:        1.06 GB reserved,      17.69 MB (  2%) committed. 

Chunk freelists:
   Non-Class:  16.00 KB
       Class:  14.17 MB
        Both:  14.19 MB

MaxMetaspaceSize: unlimited
CompressedClassSpaceSize: 1.00 GB
Initial GC threshold: 21.00 MB
Current GC threshold: 21.00 MB
CDS: on
 - commit_granule_bytes: 65536.
 - commit_granule_words: 8192.
 - virtual_space_node_default_size: 8388608.
 - enlarge_chunks_in_place: 1.
UseCompressedClassPointers 1, UseCompactObjectHeaders 0
Narrow klass pointer bits 32, Max shift 3
Narrow klass base: 0x000002a412000000, Narrow klass shift: 0
Encoding Range: [0x000002a412000000 - 0x000002a512000000), (4294967296 bytes)
Klass Range:    [0x000002a412000000 - 0x000002a453000000), (1090519040 bytes)
Klass ID Range:  [8 - 1090519033) (1090519025)


Internal statistics:

num_allocs_failed_limit: 0.
num_arena_births: 152.
num_arena_deaths: 0.
num_vsnodes_births: 2.
num_vsnodes_deaths: 0.
num_space_committed: 283.
num_space_uncommitted: 0.
num_chunks_returned_to_freelist: 0.
num_chunks_taken_from_freelist: 323.
num_chunk_merges: 0.
num_chunk_splits: 204.
num_chunks_enlarged: 132.
num_inconsistent_stats: 0.

CodeHeap 'non-profiled nmethods': size=120064Kb used=846Kb max_used=846Kb free=119217Kb
 bounds [0x000002a407ac0000, 0x000002a407d30000, 0x000002a40f000000]
CodeHeap 'profiled nmethods': size=120000Kb used=3943Kb max_used=3943Kb free=116057Kb
 bounds [0x000002a400000000, 0x000002a4003e0000, 0x000002a407530000]
CodeHeap 'non-nmethods': size=5696Kb used=1597Kb max_used=1657Kb free=4098Kb
 bounds [0x000002a407530000, 0x000002a4077a0000, 0x000002a407ac0000]
CodeCache: size=245760Kb, used=6386Kb, max_used=6446Kb, free=239372Kb
 total_blobs=3352, nmethods=2585, adapters=672, full_count=0
Compilation: enabled, stopped_count=0, restarted_count=0

Compilation events (20 events):
Event: 1185.143 Thread 0x000002a4111b4100 nmethod 2576 0x000002a4003d7688 code [0x000002a4003d7920, 0x000002a4003d8f08]
Event: 1197.745 Thread 0x000002a4111b3450 2577       4       java.util.IdentityHashMap::get (60 bytes)
Event: 1197.758 Thread 0x000002a4111b3450 nmethod 2577 0x000002a407b8fc88 code [0x000002a407b8fda0, 0x000002a407b8ff98]
Event: 1201.265 Thread 0x000002a4111b3450 2578       4       java.awt.Component::isShowing (38 bytes)
Event: 1201.270 Thread 0x000002a4111b3450 nmethod 2578 0x000002a407b90008 code [0x000002a407b90100, 0x000002a407b901d0]
Event: 1220.827 Thread 0x000002a4111b3450 2579       4       com.sun.java.swing.SwingUtilities3::getDelegateRepaintManager (73 bytes)
Event: 1220.860 Thread 0x000002a4111b3450 nmethod 2579 0x000002a407b90308 code [0x000002a407b904c0, 0x000002a407b914c0]
Event: 1222.834 Thread 0x000002a4111b3450 2580       4       java.util.concurrent.locks.ReentrantLock$Sync::isHeldExclusively (16 bytes)
Event: 1222.836 Thread 0x000002a4111b3450 nmethod 2580 0x000002a407b91588 code [0x000002a407b91680, 0x000002a407b91730]
Event: 1230.150 Thread 0x000002a4111b4100 2581       3       jdk.internal.loader.URLClassPath$FileLoader::findResource (17 bytes)
Event: 1230.151 Thread 0x000002a4111b4100 nmethod 2581 0x000002a4003d9008 code [0x000002a4003d9140, 0x000002a4003d93b8]
Event: 1285.167 Thread 0x000002a4111b4100 2582   !   3       com.mysql.cj.jdbc.AbandonedConnectionCleanupThread::checkThreadContextClassLoader (20 bytes)
Event: 1285.169 Thread 0x000002a4111b4100 nmethod 2582 0x000002a4003d9408 code [0x000002a4003d9580, 0x000002a4003d9ba8]
Event: 1349.878 Thread 0x000002a4111b3450 2583   !   4       java.awt.Container::isParentOf (49 bytes)
Event: 1349.883 Thread 0x000002a4111b3450 nmethod 2583 0x000002a407b91888 code [0x000002a407b919a0, 0x000002a407b91c18]
Event: 1660.738 Thread 0x000002a4111b3450 2584  s    4       javax.swing.RepaintManager::extendDirtyRegion (36 bytes)
Event: 1660.748 Thread 0x000002a4111b3450 nmethod 2584 0x000002a407b91c88 code [0x000002a407b91de0, 0x000002a407b924a0]
Event: 1665.254 Thread 0x000002a4111b3450 2585   !   4       javax.swing.RepaintManager::addDirtyRegion0 (205 bytes)
Event: 1665.325 Thread 0x000002a4111b3450 nmethod 2585 0x000002a407b92508 code [0x000002a407b92720, 0x000002a407b93770]
Event: 5617.205 Thread 0x000002a4111b3450 2586       4       javax.swing.JComponent::repaint (19 bytes)

GC Heap History (2 events):
Event: 24.651 GC heap before
{Heap before GC invocations=0 (full 0):
 garbage-first heap   total reserved 2062336K, committed 131072K, used 71792K [0x0000000082200000, 0x0000000100000000)
  region size 1024K, 47 young (48128K), 0 survivors (0K)
 Metaspace       used 17714K, committed 17920K, reserved 1114112K
  class space    used 1630K, committed 1728K, reserved 1048576K
}
Event: 24.676 GC heap after
{Heap after GC invocations=1 (full 0):
 garbage-first heap   total reserved 2062336K, committed 131072K, used 28912K [0x0000000082200000, 0x0000000100000000)
  region size 1024K, 6 young (6144K), 6 survivors (6144K)
 Metaspace       used 17714K, committed 17920K, reserved 1114112K
  class space    used 1630K, committed 1728K, reserved 1048576K
}

Dll operation events (12 events):
Event: 0.031 Loaded shared library C:\Program Files\Apache NetBeans\jdk\bin\java.dll
Event: 0.111 Loaded shared library C:\Program Files\Apache NetBeans\jdk\bin\jsvml.dll
Event: 0.223 Loaded shared library C:\Program Files\Apache NetBeans\jdk\bin\net.dll
Event: 0.228 Loaded shared library C:\Program Files\Apache NetBeans\jdk\bin\nio.dll
Event: 0.340 Loaded shared library C:\Program Files\Apache NetBeans\jdk\bin\zip.dll
Event: 0.393 Loaded shared library C:\Program Files\Apache NetBeans\jdk\bin\jimage.dll
Event: 0.421 Loaded shared library C:\Program Files\Apache NetBeans\jdk\bin\awt.dll
Event: 1.016 Loaded shared library C:\Program Files\Apache NetBeans\jdk\bin\javajpeg.dll
Event: 1.213 Loaded shared library C:\Program Files\Apache NetBeans\jdk\bin\freetype.dll
Event: 1.215 Loaded shared library C:\Program Files\Apache NetBeans\jdk\bin\fontmanager.dll
Event: 12.425 Loaded shared library C:\Program Files\Apache NetBeans\jdk\bin\extnet.dll
Event: 12.990 Loaded shared library C:\Program Files\Apache NetBeans\jdk\bin\sunmscapi.dll

Deoptimization events (20 events):
Event: 13.908 Thread 0x000002a411ac2e00 DEOPT PACKING pc=0x000002a40016f792 sp=0x000000f2009fe530
Event: 13.908 Thread 0x000002a411ac2e00 DEOPT UNPACKING pc=0x000002a407585722 sp=0x000000f2009fd9c0 mode 0
Event: 13.910 Thread 0x000002a411ac2e00 DEOPT PACKING pc=0x000002a40016f792 sp=0x000000f2009fe530
Event: 13.910 Thread 0x000002a411ac2e00 DEOPT UNPACKING pc=0x000002a407585722 sp=0x000000f2009fd9c0 mode 0
Event: 15.032 Thread 0x000002a411bc4f60 DEOPT PACKING pc=0x000002a4002f53d0 sp=0x000000f2001fd2f0
Event: 15.032 Thread 0x000002a411bc4f60 DEOPT UNPACKING pc=0x000002a407585722 sp=0x000000f2001fc7c0 mode 0
Event: 15.035 Thread 0x000002a411bc4f60 DEOPT PACKING pc=0x000002a4002f53d0 sp=0x000000f2001fd2f0
Event: 15.035 Thread 0x000002a411bc4f60 DEOPT UNPACKING pc=0x000002a407585722 sp=0x000000f2001fc7c0 mode 0
Event: 15.055 Thread 0x000002a411bc4f60 DEOPT PACKING pc=0x000002a4002f53d0 sp=0x000000f2001fd2f0
Event: 15.055 Thread 0x000002a411bc4f60 DEOPT UNPACKING pc=0x000002a407585722 sp=0x000000f2001fc7c0 mode 0
Event: 15.059 Thread 0x000002a411bc4f60 DEOPT PACKING pc=0x000002a4002f53d0 sp=0x000000f2001fd2f0
Event: 15.059 Thread 0x000002a411bc4f60 DEOPT UNPACKING pc=0x000002a407585722 sp=0x000000f2001fc7c0 mode 0
Event: 15.062 Thread 0x000002a411bc4f60 DEOPT PACKING pc=0x000002a4002f53d0 sp=0x000000f2001fd2f0
Event: 15.062 Thread 0x000002a411bc4f60 DEOPT UNPACKING pc=0x000002a407585722 sp=0x000000f2001fc7c0 mode 0
Event: 23.520 Thread 0x000002a411bc4f60 DEOPT PACKING pc=0x000002a400331325 sp=0x000000f2001fd2e0
Event: 23.520 Thread 0x000002a411bc4f60 DEOPT UNPACKING pc=0x000002a407585722 sp=0x000000f2001fc7b8 mode 0
Event: 24.752 Thread 0x000002a411bc4f60 Uncommon trap: trap_request=0xffffff4d fr.pc=0x000002a407af1858 relative=0x0000000000000058
Event: 24.752 Thread 0x000002a411bc4f60 Uncommon trap: reason=unstable_if action=reinterpret pc=0x000002a407af1858 method=java.lang.ref.ReferenceQueue.poll()Ljava/lang/ref/Reference; @ 4 c2
Event: 24.752 Thread 0x000002a411bc4f60 DEOPT PACKING pc=0x000002a407af1858 sp=0x000000f2001fc9c0
Event: 24.752 Thread 0x000002a411bc4f60 DEOPT UNPACKING pc=0x000002a407644c02 sp=0x000000f2001fc930 mode 2

Classes loaded (20 events):
Event: 14.136 Loading class java/awt/GradientPaintContext
Event: 14.137 Loading class java/awt/PaintContext
Event: 14.137 Loading class java/awt/PaintContext done
Event: 14.137 Loading class java/awt/GradientPaintContext done
Event: 14.137 Loading class java/awt/geom/Point2D$Double
Event: 14.138 Loading class java/awt/geom/Point2D$Double done
Event: 14.138 Loading class sun/java2d/pipe/AlphaPaintPipe$TileContext
Event: 14.138 Loading class sun/java2d/pipe/AlphaPaintPipe$TileContext done
Event: 14.214 Loading class sun/font/SunFontManager$FamilyDescription
Event: 14.214 Loading class sun/font/SunFontManager$FamilyDescription done
Event: 24.678 Loading class sun/security/ssl/Alert
Event: 24.679 Loading class sun/security/ssl/Alert done
Event: 24.680 Loading class sun/security/ssl/Alert$AlertConsumer
Event: 24.680 Loading class sun/security/ssl/Alert$AlertConsumer done
Event: 24.680 Loading class sun/security/ssl/Alert$Level
Event: 24.681 Loading class sun/security/ssl/Alert$Level done
Event: 1668.456 Loading class java/awt/desktop/SystemSleepListener
Event: 1668.456 Loading class java/awt/desktop/SystemEventListener
Event: 1668.456 Loading class java/awt/desktop/SystemEventListener done
Event: 1668.456 Loading class java/awt/desktop/SystemSleepListener done

Classes unloaded (0 events):
No events

Classes redefined (0 events):
No events

Internal exceptions (20 events):
Event: 1.237 Thread 0x000002a471e4d200 Exception <a 'java/lang/NoSuchMethodError'{0x0000000088ffd510}: 'void java.lang.invoke.DirectMethodHandle$Holder.invokeStaticInit(java.lang.Object, java.lang.Object, long, java.lang.Object)'> (0x0000000088ffd510) 
thrown [s\src\hotspot\share\interpreter\linkResolver.cpp, line 805]
Event: 1.238 Thread 0x000002a471e4d200 Exception <a 'java/lang/NoSuchMethodError'{0x0000000088e87458}: 'long java.lang.invoke.DirectMethodHandle$Holder.invokeStatic(java.lang.Object, long, long)'> (0x0000000088e87458) 
thrown [s\src\hotspot\share\interpreter\linkResolver.cpp, line 805]
Event: 1.247 Thread 0x000002a471e4d200 Exception <a 'java/lang/NoSuchMethodError'{0x0000000088eb0350}: 'java.lang.Object java.lang.invoke.DirectMethodHandle$Holder.newInvokeSpecial(java.lang.Object, int, java.lang.Object)'> (0x0000000088eb0350) 
thrown [s\src\hotspot\share\interpreter\linkResolver.cpp, line 805]
Event: 1.260 Thread 0x000002a471e4d200 Exception <a 'java/io/FileNotFoundException'{0x0000000088ee2e20}> (0x0000000088ee2e20) 
thrown [s\src\hotspot\share\prims\jni.cpp, line 518]
Event: 1.479 Thread 0x000002a411bc4f60 Exception <a 'java/lang/NoSuchMethodError'{0x0000000088e32a98}: 'void java.lang.invoke.DelegatingMethodHandle$Holder.reinvoke_L(java.lang.Object, java.lang.Object, java.lang.Object, java.lang.Object, long, long, float)'> (0x0000000088e32a98) 
thrown [s\src\hotspot\share\interpreter\linkResolver.cpp, line 805]
Event: 1.485 Thread 0x000002a411bc4f60 Exception <a 'java/lang/NoSuchMethodError'{0x0000000088e530e8}: 'java.lang.Object java.lang.invoke.DirectMethodHandle$Holder.invokeStatic(java.lang.Object, java.lang.Object, java.lang.Object, java.lang.Object, java.lang.Object, long)'> (0x0000000088e530e8) 
thrown [s\src\hotspot\share\interpreter\linkResolver.cpp, line 805]
Event: 1.496 Thread 0x000002a411bc4f60 Exception <a 'java/lang/NoSuchMethodError'{0x0000000088c98230}: 'float java.lang.invoke.DelegatingMethodHandle$Holder.reinvoke_L(java.lang.Object, java.lang.Object, java.lang.Object, java.lang.Object, long, long)'> (0x0000000088c98230) 
thrown [s\src\hotspot\share\interpreter\linkResolver.cpp, line 805]
Event: 3.873 Thread 0x000002a411bf9db0 Implicit null exception at 0x000002a407af47aa to 0x000002a407af4e90
Event: 11.995 Thread 0x000002a411bc4f60 Exception <a 'java/lang/NoSuchMethodError'{0x00000000888070a8}: 'void java.lang.invoke.DirectMethodHandle$Holder.invokeStatic(java.lang.Object, java.lang.Object)'> (0x00000000888070a8) 
thrown [s\src\hotspot\share\interpreter\linkResolver.cpp, line 805]
Event: 12.097 Thread 0x000002a411bc4f60 Exception <a 'java/lang/NoSuchMethodError'{0x0000000088731eb8}: 'java.lang.Object java.lang.invoke.DirectMethodHandle$Holder.invokeInterface(java.lang.Object, java.lang.Object)'> (0x0000000088731eb8) 
thrown [s\src\hotspot\share\interpreter\linkResolver.cpp, line 805]
Event: 12.222 Thread 0x000002a411bc4f60 Exception <a 'java/lang/NoSuchMethodError'{0x00000000885db6b0}: 'void java.lang.invoke.DirectMethodHandle$Holder.invokeStatic(java.lang.Object, java.lang.Object, java.lang.Object)'> (0x00000000885db6b0) 
thrown [s\src\hotspot\share\interpreter\linkResolver.cpp, line 805]
Event: 12.226 Thread 0x000002a411bc4f60 Exception <a 'java/lang/NoSuchMethodError'{0x00000000885f3080}: 'java.lang.Object java.lang.invoke.DirectMethodHandle$Holder.invokeVirtual(java.lang.Object, java.lang.Object, java.lang.Object)'> (0x00000000885f3080) 
thrown [s\src\hotspot\share\interpreter\linkResolver.cpp, line 805]
Event: 12.580 Thread 0x000002a411bc4f60 Exception <a 'java/lang/NoSuchMethodError'{0x00000000880aabb0}: 'void java.lang.invoke.DirectMethodHandle$Holder.invokeStaticInit(java.lang.Object, java.lang.Object)'> (0x00000000880aabb0) 
thrown [s\src\hotspot\share\interpreter\linkResolver.cpp, line 805]
Event: 12.760 Thread 0x000002a411bc4f60 Exception <a 'sun/nio/fs/WindowsException'{0x0000000087ffbc30}> (0x0000000087ffbc30) 
thrown [s\src\hotspot\share\prims\jni.cpp, line 518]
Event: 12.841 Thread 0x000002a411bc4f60 Exception <a 'java/lang/NoSuchMethodError'{0x0000000087ea5598}: 'java.lang.Object java.lang.invoke.DirectMethodHandle$Holder.invokeStaticInit(java.lang.Object, int, int, int, int)'> (0x0000000087ea5598) 
thrown [s\src\hotspot\share\interpreter\linkResolver.cpp, line 805]
Event: 12.923 Thread 0x000002a411bc4f60 Exception <a 'java/lang/NoSuchMethodError'{0x0000000087d6f170}: 'java.lang.Object java.lang.invoke.DirectMethodHandle$Holder.invokeStaticInit(java.lang.Object, java.lang.Object, int, int, int, int)'> (0x0000000087d6f170) 
thrown [s\src\hotspot\share\interpreter\linkResolver.cpp, line 805]
Event: 13.472 Thread 0x000002a411bc4f60 Exception <a 'java/lang/NoSuchMethodError'{0x0000000087b36fe0}: 'java.lang.Object java.lang.invoke.Invokers$Holder.invoke_MT(java.lang.Object, java.lang.Object, java.lang.Object, java.lang.Object, java.lang.Object, java.lang.Object)'> (0x0000000087b36fe0) 
thrown [s\src\hotspot\share\interpreter\linkResolver.cpp, line 805]
Event: 13.474 Thread 0x000002a411bc4f60 Exception <a 'java/lang/NoSuchMethodError'{0x0000000087b3ff60}: 'java.lang.Object java.lang.invoke.DirectMethodHandle$Holder.invokeStatic(java.lang.Object, java.lang.Object, int)'> (0x0000000087b3ff60) 
thrown [s\src\hotspot\share\interpreter\linkResolver.cpp, line 805]
Event: 13.480 Thread 0x000002a411bc4f60 Exception <a 'java/lang/NoSuchMethodError'{0x0000000087b61870}: 'void java.lang.invoke.DelegatingMethodHandle$Holder.delegate(java.lang.Object, java.lang.Object, int, java.lang.Object)'> (0x0000000087b61870) 
thrown [s\src\hotspot\share\interpreter\linkResolver.cpp, line 805]
Event: 13.481 Thread 0x000002a411bc4f60 Exception <a 'java/lang/NoSuchMethodError'{0x0000000087b6a3c0}: 'int java.lang.invoke.DirectMethodHandle$Holder.invokeSpecial(java.lang.Object, java.lang.Object, java.lang.Object)'> (0x0000000087b6a3c0) 
thrown [s\src\hotspot\share\interpreter\linkResolver.cpp, line 805]

VM Operations (20 events):
Event: 1384.054 Executing VM operation: HandshakeAllThreads (HandshakeForDeflation)
Event: 1384.055 Executing VM operation: HandshakeAllThreads (HandshakeForDeflation) done
Event: 1384.055 Executing VM operation: RendezvousGCThreads
Event: 1384.055 Executing VM operation: RendezvousGCThreads done
Event: 1444.066 Executing VM operation: HandshakeAllThreads (HandshakeForDeflation)
Event: 1444.067 Executing VM operation: HandshakeAllThreads (HandshakeForDeflation) done
Event: 1444.067 Executing VM operation: RendezvousGCThreads
Event: 1444.067 Executing VM operation: RendezvousGCThreads done
Event: 1504.148 Executing VM operation: HandshakeAllThreads (HandshakeForDeflation)
Event: 1504.148 Executing VM operation: HandshakeAllThreads (HandshakeForDeflation) done
Event: 1504.148 Executing VM operation: RendezvousGCThreads
Event: 1504.148 Executing VM operation: RendezvousGCThreads done
Event: 1564.211 Executing VM operation: HandshakeAllThreads (HandshakeForDeflation)
Event: 1564.211 Executing VM operation: HandshakeAllThreads (HandshakeForDeflation) done
Event: 1564.211 Executing VM operation: RendezvousGCThreads
Event: 1564.211 Executing VM operation: RendezvousGCThreads done
Event: 1624.336 Executing VM operation: HandshakeAllThreads (HandshakeForDeflation)
Event: 1624.337 Executing VM operation: HandshakeAllThreads (HandshakeForDeflation) done
Event: 1624.337 Executing VM operation: RendezvousGCThreads
Event: 1624.337 Executing VM operation: RendezvousGCThreads done

Memory protections (0 events):
No events

Nmethod flushes (0 events):
No events

Events (20 events):
Event: 0.874 Thread 0x000002a471e4d200 Thread added: 0x000002a411bf9db0
Event: 0.996 Thread 0x000002a4111b4100 Thread added: 0x000002a411bcd350
Event: 1.140 Thread 0x000002a411bcd350 Thread exited: 0x000002a411bcd350
Event: 1.164 Thread 0x000002a411a72c90 Thread added: 0x000002a411bc4f60
Event: 1.379 Thread 0x000002a471e4d200 Thread added: 0x000002a411c29790
Event: 1.379 Thread 0x000002a471e4d200 Thread exited: 0x000002a471e4d200
Event: 1.379 Thread 0x000002a471e4d200 Thread added: 0x000002a471e4d200
Event: 4.327 Thread 0x000002a411bc4f60 Thread added: 0x000002a411dbdc40
Event: 8.897 Thread 0x000002a411bf9db0 Thread exited: 0x000002a411bf9db0
Event: 11.999 Thread 0x000002a411bc4f60 Thread added: 0x000002a411ac1f60
Event: 12.156 Thread 0x000002a4111b4100 Thread added: 0x000002a411bccbc0
Event: 12.189 Thread 0x000002a4111b4100 Thread added: 0x000002a411bcc430
Event: 13.040 Thread 0x000002a411bcc430 Thread exited: 0x000002a411bcc430
Event: 13.206 Thread 0x000002a411bccbc0 Thread added: 0x000002a411bcbca0
Event: 13.763 Thread 0x000002a411bc4f60 Thread added: 0x000002a411ac2e00
Event: 13.875 Thread 0x000002a411bc4f60 Thread added: 0x000002a411abfad0
Event: 14.072 Thread 0x000002a411bcbca0 Thread exited: 0x000002a411bcbca0
Event: 14.093 Thread 0x000002a411bccbc0 Thread exited: 0x000002a411bccbc0
Event: 18.877 Thread 0x000002a411abfad0 Thread exited: 0x000002a411abfad0
Event: 18.952 Thread 0x000002a411ac2e00 Thread exited: 0x000002a411ac2e00


Dynamic libraries:
0x00007ff618b80000 - 0x00007ff618b8e000 	C:\Program Files\Apache NetBeans\jdk\bin\java.exe
0x00007ffdebe90000 - 0x00007ffdec0a7000 	C:\WINDOWS\SYSTEM32\ntdll.dll
0x00007ffdea210000 - 0x00007ffdea2d4000 	C:\WINDOWS\System32\KERNEL32.DLL
0x00007ffde9740000 - 0x00007ffde9b12000 	C:\WINDOWS\System32\KERNELBASE.dll
0x00007ffde8f80000 - 0x00007ffde9091000 	C:\WINDOWS\System32\ucrtbase.dll
0x00007ffde18e0000 - 0x00007ffde18fe000 	C:\Program Files\Apache NetBeans\jdk\bin\VCRUNTIME140.dll
0x00007ffddc8b0000 - 0x00007ffddc8c6000 	C:\Program Files\Apache NetBeans\jdk\bin\jli.dll
0x00007ffdeb590000 - 0x00007ffdeb741000 	C:\WINDOWS\System32\USER32.dll
0x00007ffdd19d0000 - 0x00007ffdd1c6b000 	C:\WINDOWS\WinSxS\amd64_microsoft.windows.common-controls_6595b64144ccf1df_6.0.22621.5697_none_27154c497380d676\COMCTL32.dll
0x00007ffde9400000 - 0x00007ffde9426000 	C:\WINDOWS\System32\win32u.dll
0x00007ffdea150000 - 0x00007ffdea1f7000 	C:\WINDOWS\System32\msvcrt.dll
0x00007ffdeae00000 - 0x00007ffdeae29000 	C:\WINDOWS\System32\GDI32.dll
0x00007ffde92d0000 - 0x00007ffde93f3000 	C:\WINDOWS\System32\gdi32full.dll
0x00007ffde96a0000 - 0x00007ffde973a000 	C:\WINDOWS\System32\msvcp_win.dll
0x00007ffdeb550000 - 0x00007ffdeb581000 	C:\WINDOWS\System32\IMM32.DLL
0x00007ffde2010000 - 0x00007ffde201c000 	C:\Program Files\Apache NetBeans\jdk\bin\vcruntime140_1.dll
0x00007ffdb2a70000 - 0x00007ffdb2afd000 	C:\Program Files\Apache NetBeans\jdk\bin\msvcp140.dll
0x00007ffd93540000 - 0x00007ffd943bc000 	C:\Program Files\Apache NetBeans\jdk\bin\server\jvm.dll
0x00007ffdeb860000 - 0x00007ffdeb911000 	C:\WINDOWS\System32\ADVAPI32.dll
0x00007ffdeacb0000 - 0x00007ffdead58000 	C:\WINDOWS\System32\sechost.dll
0x00007ffde92a0000 - 0x00007ffde92c8000 	C:\WINDOWS\System32\bcrypt.dll
0x00007ffdea2e0000 - 0x00007ffdea3f7000 	C:\WINDOWS\System32\RPCRT4.dll
0x00007ffdebdd0000 - 0x00007ffdebe41000 	C:\WINDOWS\System32\WS2_32.dll
0x00007ffde7db0000 - 0x00007ffde7dfd000 	C:\WINDOWS\SYSTEM32\POWRPROF.dll
0x00007ffde1830000 - 0x00007ffde1864000 	C:\WINDOWS\SYSTEM32\WINMM.dll
0x00007ffde1d10000 - 0x00007ffde1d1a000 	C:\WINDOWS\SYSTEM32\VERSION.dll
0x00007ffde7d90000 - 0x00007ffde7da3000 	C:\WINDOWS\SYSTEM32\UMPDC.dll
0x00007ffde8050000 - 0x00007ffde8068000 	C:\WINDOWS\SYSTEM32\kernel.appcore.dll
0x00007ffde1a90000 - 0x00007ffde1a9a000 	C:\Program Files\Apache NetBeans\jdk\bin\jimage.dll
0x00007ffde38e0000 - 0x00007ffde3b13000 	C:\WINDOWS\SYSTEM32\DBGHELP.DLL
0x00007ffdeb920000 - 0x00007ffdebcb2000 	C:\WINDOWS\System32\combase.dll
0x00007ffdea070000 - 0x00007ffdea148000 	C:\WINDOWS\System32\OLEAUT32.dll
0x00007ffdc1280000 - 0x00007ffdc12b2000 	C:\WINDOWS\SYSTEM32\dbgcore.DLL
0x00007ffde9620000 - 0x00007ffde969b000 	C:\WINDOWS\System32\bcryptPrimitives.dll
0x00007ffde18c0000 - 0x00007ffde18de000 	C:\Program Files\Apache NetBeans\jdk\bin\java.dll
0x00007ffdeae30000 - 0x00007ffdeafd0000 	C:\WINDOWS\System32\ole32.dll
0x00007ffdea400000 - 0x00007ffdeaca1000 	C:\WINDOWS\System32\SHELL32.dll
0x00007ffde9160000 - 0x00007ffde929f000 	C:\WINDOWS\System32\wintypes.dll
0x00007ffde6e70000 - 0x00007ffde778a000 	C:\WINDOWS\SYSTEM32\windows.storage.dll
0x00007ffde9f40000 - 0x00007ffdea04b000 	C:\WINDOWS\System32\SHCORE.dll
0x00007ffde9ba0000 - 0x00007ffde9c09000 	C:\WINDOWS\System32\shlwapi.dll
0x00007ffde8eb0000 - 0x00007ffde8edb000 	C:\WINDOWS\SYSTEM32\profapi.dll
0x00007ffdac050000 - 0x00007ffdac127000 	C:\Program Files\Apache NetBeans\jdk\bin\jsvml.dll
0x00007ffddd0b0000 - 0x00007ffddd0c0000 	C:\Program Files\Apache NetBeans\jdk\bin\net.dll
0x00007ffde8520000 - 0x00007ffde8589000 	C:\WINDOWS\system32\mswsock.dll
0x00007ffdd2af0000 - 0x00007ffdd2b06000 	C:\Program Files\Apache NetBeans\jdk\bin\nio.dll
0x00007ffdd2f90000 - 0x00007ffdd2fa7000 	C:\Program Files\Apache NetBeans\jdk\bin\zip.dll
0x00007ffdae300000 - 0x00007ffdae47e000 	C:\Program Files\Apache NetBeans\jdk\bin\awt.dll
0x00007ffde0590000 - 0x00007ffde0627000 	C:\WINDOWS\SYSTEM32\apphelp.dll
0x00007ffde3170000 - 0x00007ffde319b000 	C:\WINDOWS\system32\DWMAPI.DLL
0x00007ffde2ee0000 - 0x00007ffde2f94000 	C:\WINDOWS\system32\uxtheme.dll
0x00007ffdcc350000 - 0x00007ffdcc450000 	C:\WINDOWS\system32\opengl32.dll
0x00007ffdcbf20000 - 0x00007ffdcbf4d000 	C:\WINDOWS\SYSTEM32\GLU32.dll
0x00007ffde3380000 - 0x00007ffde33b7000 	C:\WINDOWS\SYSTEM32\dxcore.dll
0x00007ffde9c10000 - 0x00007ffde9d70000 	C:\WINDOWS\System32\MSCTF.dll
0x00007ffddd210000 - 0x00007ffddd23e000 	C:\Program Files\Apache NetBeans\jdk\bin\javajpeg.dll
0x00007ffdae270000 - 0x00007ffdae2f7000 	C:\Program Files\Apache NetBeans\jdk\bin\freetype.dll
0x00007ffdadcd0000 - 0x00007ffdaddb9000 	C:\Program Files\Apache NetBeans\jdk\bin\fontmanager.dll
0x00007ffddd6b0000 - 0x00007ffddd7f5000 	C:\WINDOWS\SYSTEM32\textinputframework.dll
0x00007ffddffb0000 - 0x00007ffde00e3000 	C:\WINDOWS\SYSTEM32\CoreMessaging.dll
0x00007ffddc0c0000 - 0x00007ffddc42c000 	C:\WINDOWS\SYSTEM32\CoreUIComponents.dll
0x00007ffde8790000 - 0x00007ffde879c000 	C:\WINDOWS\SYSTEM32\CRYPTBASE.DLL
0x00007ffdebd20000 - 0x00007ffdebdd0000 	C:\WINDOWS\System32\clbcatq.dll
0x00007ffde2ce0000 - 0x00007ffde2e91000 	C:\WINDOWS\SYSTEM32\WindowsCodecs.dll
0x00007ffdcfe20000 - 0x00007ffdcfe7e000 	C:\WINDOWS\system32\dataexchange.dll
0x00007ffddbe10000 - 0x00007ffddc0b6000 	C:\WINDOWS\system32\twinapi.appcore.dll
0x00007ffde7ad0000 - 0x00007ffde7bc8000 	C:\WINDOWS\SYSTEM32\DNSAPI.dll
0x00007ffde7a60000 - 0x00007ffde7a8d000 	C:\WINDOWS\SYSTEM32\IPHLPAPI.DLL
0x00007ffdead70000 - 0x00007ffdead79000 	C:\WINDOWS\System32\NSI.dll
0x00007ffdd3980000 - 0x00007ffdd398a000 	C:\Windows\System32\rasadhlp.dll
0x00007ffde0ac0000 - 0x00007ffde0b44000 	C:\WINDOWS\System32\fwpuclnt.dll
0x00007ffde26c0000 - 0x00007ffde26c9000 	C:\Program Files\Apache NetBeans\jdk\bin\extnet.dll
0x00007ffde8770000 - 0x00007ffde878b000 	C:\WINDOWS\SYSTEM32\CRYPTSP.dll
0x00007ffde7fb0000 - 0x00007ffde7fe7000 	C:\WINDOWS\system32\rsaenh.dll
0x00007ffde8610000 - 0x00007ffde8638000 	C:\WINDOWS\SYSTEM32\USERENV.dll
0x00007ffde0ce0000 - 0x00007ffde0cee000 	C:\Program Files\Apache NetBeans\jdk\bin\sunmscapi.dll
0x00007ffde9430000 - 0x00007ffde9598000 	C:\WINDOWS\System32\CRYPT32.dll
0x00007ffde8930000 - 0x00007ffde895d000 	C:\WINDOWS\SYSTEM32\ncrypt.dll
0x00007ffde88f0000 - 0x00007ffde8927000 	C:\WINDOWS\SYSTEM32\NTASN1.dll

JVMTI agents: none

dbghelp: loaded successfully - version: 4.0.5 - missing functions: none
symbol engine: initialized successfully - sym options: 0x614 - pdb path: .;C:\Program Files\Apache NetBeans\jdk\bin;C:\WINDOWS\SYSTEM32;C:\WINDOWS\WinSxS\amd64_microsoft.windows.common-controls_6595b64144ccf1df_6.0.22621.5697_none_27154c497380d676;C:\Program Files\Apache NetBeans\jdk\bin\server

VM Arguments:
jvm_args: -Dfile.encoding=UTF-8 --module-path=C:\Users\DELL\OneDrive\Documents\NetBeansProjects\Employee Management\build\classes 
java_command: employee.management.Splash
java_class_path (initial): C:\Users\DELL\Downloads\mysql-connector-java-8.0.28 (1).jar;C:\Users\DELL\Downloads\jcalendar-tz-1.3.3-4 (1).jar;C:\Users\DELL\Downloads\rs2xml.jar;C:\Users\DELL\OneDrive\Documents\NetBeansProjects\Employee Management\build\classes
Launcher Type: SUN_STANDARD

[Global flags]
     intx CICompilerCount                          = 4                                         {product} {ergonomic}
     uint ConcGCThreads                            = 2                                         {product} {ergonomic}
     uint G1ConcRefinementThreads                  = 8                                         {product} {ergonomic}
   size_t G1HeapRegionSize                         = 1048576                                   {product} {ergonomic}
   size_t InitialHeapSize                          = 132120576                                 {product} {ergonomic}
   size_t MarkStackSize                            = 4194304                                   {product} {ergonomic}
   size_t MarkStackSizeMax                         = 536870912                                 {product} {ergonomic}
   size_t MaxHeapSize                              = 2111832064                                {product} {ergonomic}
   size_t MaxNewSize                               = 1266679808                                {product} {ergonomic}
   size_t MinHeapDeltaBytes                        = 1048576                                   {product} {ergonomic}
   size_t MinHeapSize                              = 8388608                                   {product} {ergonomic}
    uintx NonNMethodCodeHeapSize                   = 5832704                                {pd product} {ergonomic}
    uintx NonProfiledCodeHeapSize                  = 122945536                              {pd product} {ergonomic}
    uintx ProfiledCodeHeapSize                     = 122880000                              {pd product} {ergonomic}
    uintx ReservedCodeCacheSize                    = 251658240                              {pd product} {ergonomic}
     bool SegmentedCodeCache                       = true                                      {product} {ergonomic}
   size_t SoftMaxHeapSize                          = 2111832064                             {manageable} {ergonomic}
     bool UseCompressedOops                        = true                           {product lp64_product} {ergonomic}
     bool UseG1GC                                  = true                                      {product} {ergonomic}
     bool UseLargePagesIndividualAllocation        = false                                  {pd product} {ergonomic}

Logging:
Log output configuration:
 #0: stdout all=warning uptime,level,tags foldmultilines=false
 #1: stderr all=off uptime,level,tags foldmultilines=false

Environment Variables:
PATH=C:\Program Files\Common Files\Oracle\Java\javapath;C:\Program Files\Python311\Scripts\;C:\Program Files\Python311\;C:\WINDOWS\system32;C:\WINDOWS;C:\WINDOWS\System32\Wbem;C:\WINDOWS\System32\WindowsPowerShell\v1.0\;C:\WINDOWS\System32\OpenSSH\;C:\MinGW\bin;C:\Program Files\Java\jdk-21\bin;C:\Program Files\MySQL\MySQL Shell 8.0\bin\;C:\Users\DELL\AppData\Local\Microsoft\WindowsApps;;C:\Users\DELL\AppData\Local\Programs\Microsoft VS Code\bin;C:\Program Files\JetBrains\IntelliJ IDEA Community Edition 2023.3.2\bin;;C:\Program Files\JetBrains\IntelliJ IDEA 2024.3.3\bin;
USERNAME=DELL
OS=Windows_NT
PROCESSOR_IDENTIFIER=Intel64 Family 6 Model 142 Stepping 10, GenuineIntel
TMP=C:\Users\DELL\AppData\Local\Temp
TEMP=C:\Users\DELL\AppData\Local\Temp




Periodic native trim disabled

---------------  S Y S T E M  ---------------

OS:
 Windows 11 , 64 bit Build 22621 (10.0.22621.5415)
OS uptime: 23 days 14:59 hours

CPU: total 8 (initial active 8) (4 cores per cpu, 2 threads per core) family 6 model 142 stepping 10 microcode 0xf4, cx8, cmov, fxsr, ht, mmx, 3dnowpref, sse, sse2, sse3, ssse3, sse4.1, sse4.2, popcnt, lzcnt, tsc, tscinvbit, avx, avx2, aes, erms, clmul, bmi1, bmi2, adx, fma, vzeroupper, clflush, clflushopt, rdtscp, f16c
Processor Information for the first 8 processors :
  Max Mhz: 1800, Current Mhz: 1400, Mhz Limit: 1584

Memory: 4k page, system-wide physical 8050M (417M free)
TotalPageFile size 23496M (AvailPageFile size 27M)
current process WorkingSet (physical memory assigned to process): 165M, peak: 176M
current process commit charge ("private bytes"): 256M, peak: 276M

vm_info: OpenJDK 64-Bit Server VM (24.0.2+12) for windows-amd64 JRE (24.0.2+12) (Zulu24.32+13-CA), built on 2025-07-11T12:45:44Z with MS VC++ 17.1 (VS2022)

END.
