#
# There is insufficient memory for the Java Runtime Environment to continue.
# Native memory allocation (malloc) failed to allocate 930192 bytes. Error detail: Chunk::new
# Possible reasons:
#   The system is out of physical RAM or swap space
#   This process is running with CompressedOops enabled, and the Java Heap may be blocking the growth of the native heap
# Possible solutions:
#   Reduce memory load on the system
#   Increase physical memory or swap space
#   Check if swap backing store is full
#   Decrease Java heap size (-Xmx/-Xms)
#   Decrease number of Java threads
#   Decrease Java thread stack sizes (-Xss)
#   Set larger code cache with -XX:ReservedCodeCacheSize=
#   JVM is running with Unscaled Compressed Oops mode in which the Java heap is
#     placed in the first 4GB address space. The Java Heap base address is the
#     maximum limit for the native heap growth. Please use -XX:HeapBaseMinAddress
#     to set the Java Heap base and to place the Java Heap above 4GB virtual address.
# This output file may be truncated or incomplete.
#
#  Out of Memory Error (arena.cpp:162), pid=15164, tid=26092
#
# JRE version: OpenJDK Runtime Environment Zulu24.32+13-CA (24.0.2+12) (build 24.0.2+12)
# Java VM: OpenJDK 64-Bit Server VM Zulu24.32+13-CA (24.0.2+12, mixed mode, sharing, tiered, compressed oops, compressed class ptrs, g1 gc, windows-amd64)
# No core dump will be written. Minidumps are not enabled by default on client versions of Windows
#

---------------  S U M M A R Y ------------

Command Line: -Dfile.encoding=UTF-8 --module-path=C:\Users\DELL\OneDrive\Documents\NetBeansProjects\Employee Management\build\classes employee.management.Splash

Host: Intel(R) Core(TM) i5-8250U CPU @ 1.60GHz, 8 cores, 7G,  Windows 11 , 64 bit Build 22621 (10.0.22621.5415)
Time: Fri Oct 24 17:53:38 2025 India Standard Time elapsed time: 20.058945 seconds (0d 0h 0m 20s)

---------------  T H R E A D  ---------------

Current thread (0x000001ea7754a260):  JavaThread "C2 CompilerThread0" daemon [_thread_in_native, id=26092, stack(0x000000b653800000,0x000000b653900000) (1024K)]


Current CompileTask:
C2:20059 1321   !   4       sun.awt.AppContext::get (123 bytes)

Stack: [0x000000b653800000,0x000000b653900000]
Native frames: (J=compiled Java code, j=interpreted, Vv=VM code, C=native code)
V  [jvm.dll+0x741329]  (no source info available)
V  [jvm.dll+0x97e243]  (no source info available)
V  [jvm.dll+0x98056d]  (no source info available)
V  [jvm.dll+0x980be3]  (no source info available)
V  [jvm.dll+0x2b5a76]  (no source info available)
V  [jvm.dll+0xd00af]  (no source info available)
V  [jvm.dll+0xd030f]  (no source info available)
V  [jvm.dll+0x15b85f]  (no source info available)
V  [jvm.dll+0x746bef]  (no source info available)
V  [jvm.dll+0x27a478]  (no source info available)
V  [jvm.dll+0x279591]  (no source info available)
V  [jvm.dll+0x1f30fa]  (no source info available)
V  [jvm.dll+0x288d95]  (no source info available)
V  [jvm.dll+0x28702a]  (no source info available)
V  [jvm.dll+0x43e016]  (no source info available)
V  [jvm.dll+0x920c78]  (no source info available)
V  [jvm.dll+0x73fab5]  (no source info available)
C  [ucrtbase.dll+0x29333]  (no source info available)
C  [KERNEL32.DLL+0x1259d]  (no source info available)
C  [ntdll.dll+0x5af78]  (no source info available)

Lock stack of current Java thread (top to bottom):


---------------  P R O C E S S  ---------------

Threads class SMR info:
_java_thread_list=0x000001ea45a91600, length=16, elements={
0x000001ea77531460, 0x000001ea77531da0, 0x000001ea77538bb0, 0x000001ea775396e0,
0x000001ea7753ac30, 0x000001ea7753bf00, 0x000001ea7754a260, 0x000001ea77550ca0,
0x000001ea450c4c00, 0x000001ea451440e0, 0x000001ea459952d0, 0x000001ea45870350,
0x000001ea455dae80, 0x000001ea459cf3b0, 0x000001ea45a3b7b0, 0x000001ea5816c5c0
}

Java Threads: ( => current thread )
  0x000001ea77531460 JavaThread "Reference Handler"          daemon [_thread_blocked, id=9384, stack(0x000000b653200000,0x000000b653300000) (1024K)]
  0x000001ea77531da0 JavaThread "Finalizer"                  daemon [_thread_blocked, id=24080, stack(0x000000b653300000,0x000000b653400000) (1024K)]
  0x000001ea77538bb0 JavaThread "Signal Dispatcher"          daemon [_thread_blocked, id=12868, stack(0x000000b653400000,0x000000b653500000) (1024K)]
  0x000001ea775396e0 JavaThread "Attach Listener"            daemon [_thread_blocked, id=16916, stack(0x000000b653500000,0x000000b653600000) (1024K)]
  0x000001ea7753ac30 JavaThread "Service Thread"             daemon [_thread_blocked, id=11540, stack(0x000000b653600000,0x000000b653700000) (1024K)]
  0x000001ea7753bf00 JavaThread "Monitor Deflation Thread"   daemon [_thread_blocked, id=6380, stack(0x000000b653700000,0x000000b653800000) (1024K)]
=>0x000001ea7754a260 JavaThread "C2 CompilerThread0"         daemon [_thread_in_native, id=26092, stack(0x000000b653800000,0x000000b653900000) (1024K)]
  0x000001ea77550ca0 JavaThread "C1 CompilerThread0"         daemon [_thread_blocked, id=2716, stack(0x000000b653900000,0x000000b653a00000) (1024K)]
  0x000001ea450c4c00 JavaThread "Common-Cleaner"             daemon [_thread_blocked, id=21576, stack(0x000000b653a00000,0x000000b653b00000) (1024K)]
  0x000001ea451440e0 JavaThread "Notification Thread"        daemon [_thread_blocked, id=18388, stack(0x000000b653b00000,0x000000b653c00000) (1024K)]
  0x000001ea459952d0 JavaThread "Java2D Disposer"            daemon [_thread_blocked, id=10064, stack(0x000000b653c00000,0x000000b653d00000) (1024K)]
  0x000001ea45870350 JavaThread "AWT-Shutdown"                      [_thread_blocked, id=1364, stack(0x000000b653d00000,0x000000b653e00000) (1024K)]
  0x000001ea455dae80 JavaThread "AWT-Windows"                daemon [_thread_in_native, id=26096, stack(0x000000b653e00000,0x000000b653f00000) (1024K)]
  0x000001ea459cf3b0 JavaThread "AWT-EventQueue-0"                  [_thread_blocked, id=18300, stack(0x000000b654000000,0x000000b654100000) (1024K)]
  0x000001ea45a3b7b0 JavaThread "Thread-0"                          [_thread_blocked, id=23836, stack(0x000000b654100000,0x000000b654200000) (1024K)]
  0x000001ea5816c5c0 JavaThread "DestroyJavaVM"                     [_thread_blocked, id=20740, stack(0x000000b652a00000,0x000000b652b00000) (1024K)]
Total: 16

Other Threads:
  0x000001ea77520610 VMThread "VM Thread"                           [id=4512, stack(0x000000b653100000,0x000000b653200000) (1024K)]
  0x000001ea77511c70 WatcherThread "VM Periodic Task Thread"        [id=21020, stack(0x000000b653000000,0x000000b653100000) (1024K)]
  0x000001ea5a5cf890 WorkerThread "GC Thread#0"                     [id=17272, stack(0x000000b652b00000,0x000000b652c00000) (1024K)]
  0x000001ea5a5e4510 ConcurrentGCThread "G1 Main Marker"            [id=23180, stack(0x000000b652c00000,0x000000b652d00000) (1024K)]
  0x000001ea5a5e57c0 WorkerThread "G1 Conc#0"                       [id=22940, stack(0x000000b652d00000,0x000000b652e00000) (1024K)]
  0x000001ea773d3560 ConcurrentGCThread "G1 Refine#0"               [id=22132, stack(0x000000b652e00000,0x000000b652f00000) (1024K)]
  0x000001ea773d3ef0 ConcurrentGCThread "G1 Service"                [id=20696, stack(0x000000b652f00000,0x000000b653000000) (1024K)]
Total: 7

Threads with active compile tasks:
C2 CompilerThread0  20342 1321   !   4       sun.awt.AppContext::get (123 bytes)
Total: 1

VM state: not at safepoint (normal execution)

VM Mutex/Monitor currently owned by a thread: None

Heap address: 0x0000000082200000, size: 2014 MB, Compressed Oops mode: 32-bit

CDS archive(s) mapped at: [0x000001ea00000000-0x000001ea00d40000-0x000001ea00d40000), size 13893632, SharedBaseAddress: 0x000001ea00000000, ArchiveRelocationMode: 1.
Compressed class space mapped at: 0x000001ea01000000-0x000001ea41000000, reserved size: 1073741824
UseCompressedClassPointers 1, UseCompactObjectHeaders 0
Narrow klass pointer bits 32, Max shift 3
Narrow klass base: 0x000001ea00000000, Narrow klass shift: 0
Encoding Range: [0x000001ea00000000 - 0x000001eb00000000), (4294967296 bytes)
Klass Range:    [0x000001ea00000000 - 0x000001ea41000000), (1090519040 bytes)
Klass ID Range:  [8 - 1090519033) (1090519025)

GC Precious Log:
 CardTable entry size: 512
 Card Set container configuration: InlinePtr #cards 5 size 8 Array Of Cards #cards 10 size 36 Howl #buckets 4 coarsen threshold 1843 Howl Bitmap #cards 512 size 80 coarsen threshold 460 Card regions per heap region 1 cards per card region 2048
 CPUs: 8 total, 8 available
 Memory: 8050M
 Large Page Support: Disabled
 NUMA Support: Disabled
 Compressed Oops: Enabled (32-bit)
 Heap Region Size: 1M
 Heap Min Capacity: 8M
 Heap Initial Capacity: 126M
 Heap Max Capacity: 2014M
 Pre-touch: Disabled
 Parallel Workers: 8
 Concurrent Workers: 2
 Concurrent Refinement Workers: 8
 Periodic GC: Disabled

Heap:
 garbage-first heap   total reserved 2062336K, committed 131072K, used 44144K [0x0000000082200000, 0x0000000100000000)
  region size 1024K, 21 young (21504K), 0 survivors (0K)
 Metaspace       used 7685K, committed 7872K, reserved 1114112K
  class space    used 626K, committed 704K, reserved 1048576K

Heap Regions: E=young(eden), S=young(survivor), O=old, HS=humongous(starts), HC=humongous(continues), CS=collection set, F=free, TAMS=top-at-mark-start, PB=parsable bottom
|   0|0x0000000082200000, 0x0000000082300000, 0x0000000082300000|100%|HS|  |TAMS 0x0000000082200000| PB 0x0000000082200000| Complete |  0
|   1|0x0000000082300000, 0x0000000082400000, 0x0000000082400000|100%|HC|  |TAMS 0x0000000082300000| PB 0x0000000082300000| Complete |  0
|   2|0x0000000082400000, 0x0000000082500000, 0x0000000082500000|100%|HC|  |TAMS 0x0000000082400000| PB 0x0000000082400000| Complete |  0
|   3|0x0000000082500000, 0x0000000082600000, 0x0000000082600000|100%|HC|  |TAMS 0x0000000082500000| PB 0x0000000082500000| Complete |  0
|   4|0x0000000082600000, 0x0000000082700000, 0x0000000082700000|100%|HS|  |TAMS 0x0000000082600000| PB 0x0000000082600000| Complete |  0
|   5|0x0000000082700000, 0x0000000082800000, 0x0000000082800000|100%|HC|  |TAMS 0x0000000082700000| PB 0x0000000082700000| Complete |  0
|   6|0x0000000082800000, 0x0000000082900000, 0x0000000082900000|100%|HC|  |TAMS 0x0000000082800000| PB 0x0000000082800000| Complete |  0
|   7|0x0000000082900000, 0x0000000082a00000, 0x0000000082a00000|100%|HS|  |TAMS 0x0000000082900000| PB 0x0000000082900000| Complete |  0
|   8|0x0000000082a00000, 0x0000000082b00000, 0x0000000082b00000|100%|HC|  |TAMS 0x0000000082a00000| PB 0x0000000082a00000| Complete |  0
|   9|0x0000000082b00000, 0x0000000082c00000, 0x0000000082c00000|100%|HC|  |TAMS 0x0000000082b00000| PB 0x0000000082b00000| Complete |  0
|  10|0x0000000082c00000, 0x0000000082d00000, 0x0000000082d00000|100%|HC|  |TAMS 0x0000000082c00000| PB 0x0000000082c00000| Complete |  0
|  11|0x0000000082d00000, 0x0000000082e00000, 0x0000000082e00000|100%|HC|  |TAMS 0x0000000082d00000| PB 0x0000000082d00000| Complete |  0
|  12|0x0000000082e00000, 0x0000000082f00000, 0x0000000082f00000|100%|HC|  |TAMS 0x0000000082e00000| PB 0x0000000082e00000| Complete |  0
|  13|0x0000000082f00000, 0x0000000083000000, 0x0000000083000000|100%|HC|  |TAMS 0x0000000082f00000| PB 0x0000000082f00000| Complete |  0
|  14|0x0000000083000000, 0x0000000083100000, 0x0000000083100000|100%|HS|  |TAMS 0x0000000083000000| PB 0x0000000083000000| Complete |  0
|  15|0x0000000083100000, 0x0000000083200000, 0x0000000083200000|100%|HC|  |TAMS 0x0000000083100000| PB 0x0000000083100000| Complete |  0
|  16|0x0000000083200000, 0x0000000083300000, 0x0000000083300000|100%|HC|  |TAMS 0x0000000083200000| PB 0x0000000083200000| Complete |  0
|  17|0x0000000083300000, 0x0000000083400000, 0x0000000083400000|100%|HC|  |TAMS 0x0000000083300000| PB 0x0000000083300000| Complete |  0
|  18|0x0000000083400000, 0x0000000083500000, 0x0000000083500000|100%|HC|  |TAMS 0x0000000083400000| PB 0x0000000083400000| Complete |  0
|  19|0x0000000083500000, 0x0000000083600000, 0x0000000083600000|100%|HC|  |TAMS 0x0000000083500000| PB 0x0000000083500000| Complete |  0
|  20|0x0000000083600000, 0x0000000083700000, 0x0000000083700000|100%|HC|  |TAMS 0x0000000083600000| PB 0x0000000083600000| Complete |  0
|  21|0x0000000083700000, 0x0000000083800000, 0x0000000083800000|100%|HC|  |TAMS 0x0000000083700000| PB 0x0000000083700000| Complete |  0
|  22|0x0000000083800000, 0x0000000083800000, 0x0000000083900000|  0%| F|  |TAMS 0x0000000083800000| PB 0x0000000083800000| Untracked |  0
|  23|0x0000000083900000, 0x0000000083900000, 0x0000000083a00000|  0%| F|  |TAMS 0x0000000083900000| PB 0x0000000083900000| Untracked |  0
|  24|0x0000000083a00000, 0x0000000083a00000, 0x0000000083b00000|  0%| F|  |TAMS 0x0000000083a00000| PB 0x0000000083a00000| Untracked |  0
|  25|0x0000000083b00000, 0x0000000083b00000, 0x0000000083c00000|  0%| F|  |TAMS 0x0000000083b00000| PB 0x0000000083b00000| Untracked |  0
|  26|0x0000000083c00000, 0x0000000083c00000, 0x0000000083d00000|  0%| F|  |TAMS 0x0000000083c00000| PB 0x0000000083c00000| Untracked |  0
|  27|0x0000000083d00000, 0x0000000083d00000, 0x0000000083e00000|  0%| F|  |TAMS 0x0000000083d00000| PB 0x0000000083d00000| Untracked |  0
|  28|0x0000000083e00000, 0x0000000083e00000, 0x0000000083f00000|  0%| F|  |TAMS 0x0000000083e00000| PB 0x0000000083e00000| Untracked |  0
|  29|0x0000000083f00000, 0x0000000083f00000, 0x0000000084000000|  0%| F|  |TAMS 0x0000000083f00000| PB 0x0000000083f00000| Untracked |  0
|  30|0x0000000084000000, 0x0000000084000000, 0x0000000084100000|  0%| F|  |TAMS 0x0000000084000000| PB 0x0000000084000000| Untracked |  0
|  31|0x0000000084100000, 0x0000000084100000, 0x0000000084200000|  0%| F|  |TAMS 0x0000000084100000| PB 0x0000000084100000| Untracked |  0
|  32|0x0000000084200000, 0x0000000084200000, 0x0000000084300000|  0%| F|  |TAMS 0x0000000084200000| PB 0x0000000084200000| Untracked |  0
|  33|0x0000000084300000, 0x0000000084300000, 0x0000000084400000|  0%| F|  |TAMS 0x0000000084300000| PB 0x0000000084300000| Untracked |  0
|  34|0x0000000084400000, 0x0000000084400000, 0x0000000084500000|  0%| F|  |TAMS 0x0000000084400000| PB 0x0000000084400000| Untracked |  0
|  35|0x0000000084500000, 0x0000000084500000, 0x0000000084600000|  0%| F|  |TAMS 0x0000000084500000| PB 0x0000000084500000| Untracked |  0
|  36|0x0000000084600000, 0x0000000084600000, 0x0000000084700000|  0%| F|  |TAMS 0x0000000084600000| PB 0x0000000084600000| Untracked |  0
|  37|0x0000000084700000, 0x0000000084700000, 0x0000000084800000|  0%| F|  |TAMS 0x0000000084700000| PB 0x0000000084700000| Untracked |  0
|  38|0x0000000084800000, 0x0000000084800000, 0x0000000084900000|  0%| F|  |TAMS 0x0000000084800000| PB 0x0000000084800000| Untracked |  0
|  39|0x0000000084900000, 0x0000000084900000, 0x0000000084a00000|  0%| F|  |TAMS 0x0000000084900000| PB 0x0000000084900000| Untracked |  0
|  40|0x0000000084a00000, 0x0000000084a00000, 0x0000000084b00000|  0%| F|  |TAMS 0x0000000084a00000| PB 0x0000000084a00000| Untracked |  0
|  41|0x0000000084b00000, 0x0000000084b00000, 0x0000000084c00000|  0%| F|  |TAMS 0x0000000084b00000| PB 0x0000000084b00000| Untracked |  0
|  42|0x0000000084c00000, 0x0000000084c00000, 0x0000000084d00000|  0%| F|  |TAMS 0x0000000084c00000| PB 0x0000000084c00000| Untracked |  0
|  43|0x0000000084d00000, 0x0000000084d00000, 0x0000000084e00000|  0%| F|  |TAMS 0x0000000084d00000| PB 0x0000000084d00000| Untracked |  0
|  44|0x0000000084e00000, 0x0000000084e00000, 0x0000000084f00000|  0%| F|  |TAMS 0x0000000084e00000| PB 0x0000000084e00000| Untracked |  0
|  45|0x0000000084f00000, 0x0000000084f00000, 0x0000000085000000|  0%| F|  |TAMS 0x0000000084f00000| PB 0x0000000084f00000| Untracked |  0
|  46|0x0000000085000000, 0x0000000085000000, 0x0000000085100000|  0%| F|  |TAMS 0x0000000085000000| PB 0x0000000085000000| Untracked |  0
|  47|0x0000000085100000, 0x0000000085100000, 0x0000000085200000|  0%| F|  |TAMS 0x0000000085100000| PB 0x0000000085100000| Untracked |  0
|  48|0x0000000085200000, 0x0000000085200000, 0x0000000085300000|  0%| F|  |TAMS 0x0000000085200000| PB 0x0000000085200000| Untracked |  0
|  49|0x0000000085300000, 0x0000000085300000, 0x0000000085400000|  0%| F|  |TAMS 0x0000000085300000| PB 0x0000000085300000| Untracked |  0
|  50|0x0000000085400000, 0x0000000085400000, 0x0000000085500000|  0%| F|  |TAMS 0x0000000085400000| PB 0x0000000085400000| Untracked |  0
|  51|0x0000000085500000, 0x0000000085500000, 0x0000000085600000|  0%| F|  |TAMS 0x0000000085500000| PB 0x0000000085500000| Untracked |  0
|  52|0x0000000085600000, 0x0000000085600000, 0x0000000085700000|  0%| F|  |TAMS 0x0000000085600000| PB 0x0000000085600000| Untracked |  0
|  53|0x0000000085700000, 0x0000000085700000, 0x0000000085800000|  0%| F|  |TAMS 0x0000000085700000| PB 0x0000000085700000| Untracked |  0
|  54|0x0000000085800000, 0x0000000085800000, 0x0000000085900000|  0%| F|  |TAMS 0x0000000085800000| PB 0x0000000085800000| Untracked |  0
|  55|0x0000000085900000, 0x0000000085900000, 0x0000000085a00000|  0%| F|  |TAMS 0x0000000085900000| PB 0x0000000085900000| Untracked |  0
|  56|0x0000000085a00000, 0x0000000085a00000, 0x0000000085b00000|  0%| F|  |TAMS 0x0000000085a00000| PB 0x0000000085a00000| Untracked |  0
|  57|0x0000000085b00000, 0x0000000085b00000, 0x0000000085c00000|  0%| F|  |TAMS 0x0000000085b00000| PB 0x0000000085b00000| Untracked |  0
|  58|0x0000000085c00000, 0x0000000085c00000, 0x0000000085d00000|  0%| F|  |TAMS 0x0000000085c00000| PB 0x0000000085c00000| Untracked |  0
|  59|0x0000000085d00000, 0x0000000085d00000, 0x0000000085e00000|  0%| F|  |TAMS 0x0000000085d00000| PB 0x0000000085d00000| Untracked |  0
|  60|0x0000000085e00000, 0x0000000085e00000, 0x0000000085f00000|  0%| F|  |TAMS 0x0000000085e00000| PB 0x0000000085e00000| Untracked |  0
|  61|0x0000000085f00000, 0x0000000085f00000, 0x0000000086000000|  0%| F|  |TAMS 0x0000000085f00000| PB 0x0000000085f00000| Untracked |  0
|  62|0x0000000086000000, 0x0000000086000000, 0x0000000086100000|  0%| F|  |TAMS 0x0000000086000000| PB 0x0000000086000000| Untracked |  0
|  63|0x0000000086100000, 0x0000000086100000, 0x0000000086200000|  0%| F|  |TAMS 0x0000000086100000| PB 0x0000000086100000| Untracked |  0
|  64|0x0000000086200000, 0x0000000086200000, 0x0000000086300000|  0%| F|  |TAMS 0x0000000086200000| PB 0x0000000086200000| Untracked |  0
|  65|0x0000000086300000, 0x0000000086300000, 0x0000000086400000|  0%| F|  |TAMS 0x0000000086300000| PB 0x0000000086300000| Untracked |  0
|  66|0x0000000086400000, 0x0000000086400000, 0x0000000086500000|  0%| F|  |TAMS 0x0000000086400000| PB 0x0000000086400000| Untracked |  0
|  67|0x0000000086500000, 0x0000000086500000, 0x0000000086600000|  0%| F|  |TAMS 0x0000000086500000| PB 0x0000000086500000| Untracked |  0
|  68|0x0000000086600000, 0x0000000086600000, 0x0000000086700000|  0%| F|  |TAMS 0x0000000086600000| PB 0x0000000086600000| Untracked |  0
|  69|0x0000000086700000, 0x0000000086700000, 0x0000000086800000|  0%| F|  |TAMS 0x0000000086700000| PB 0x0000000086700000| Untracked |  0
|  70|0x0000000086800000, 0x0000000086800000, 0x0000000086900000|  0%| F|  |TAMS 0x0000000086800000| PB 0x0000000086800000| Untracked |  0
|  71|0x0000000086900000, 0x0000000086900000, 0x0000000086a00000|  0%| F|  |TAMS 0x0000000086900000| PB 0x0000000086900000| Untracked |  0
|  72|0x0000000086a00000, 0x0000000086a00000, 0x0000000086b00000|  0%| F|  |TAMS 0x0000000086a00000| PB 0x0000000086a00000| Untracked |  0
|  73|0x0000000086b00000, 0x0000000086b00000, 0x0000000086c00000|  0%| F|  |TAMS 0x0000000086b00000| PB 0x0000000086b00000| Untracked |  0
|  74|0x0000000086c00000, 0x0000000086c00000, 0x0000000086d00000|  0%| F|  |TAMS 0x0000000086c00000| PB 0x0000000086c00000| Untracked |  0
|  75|0x0000000086d00000, 0x0000000086d00000, 0x0000000086e00000|  0%| F|  |TAMS 0x0000000086d00000| PB 0x0000000086d00000| Untracked |  0
|  76|0x0000000086e00000, 0x0000000086e00000, 0x0000000086f00000|  0%| F|  |TAMS 0x0000000086e00000| PB 0x0000000086e00000| Untracked |  0
|  77|0x0000000086f00000, 0x0000000086f00000, 0x0000000087000000|  0%| F|  |TAMS 0x0000000086f00000| PB 0x0000000086f00000| Untracked |  0
|  78|0x0000000087000000, 0x0000000087000000, 0x0000000087100000|  0%| F|  |TAMS 0x0000000087000000| PB 0x0000000087000000| Untracked |  0
|  79|0x0000000087100000, 0x0000000087100000, 0x0000000087200000|  0%| F|  |TAMS 0x0000000087100000| PB 0x0000000087100000| Untracked |  0
|  80|0x0000000087200000, 0x0000000087200000, 0x0000000087300000|  0%| F|  |TAMS 0x0000000087200000| PB 0x0000000087200000| Untracked |  0
|  81|0x0000000087300000, 0x0000000087300000, 0x0000000087400000|  0%| F|  |TAMS 0x0000000087300000| PB 0x0000000087300000| Untracked |  0
|  82|0x0000000087400000, 0x0000000087400000, 0x0000000087500000|  0%| F|  |TAMS 0x0000000087400000| PB 0x0000000087400000| Untracked |  0
|  83|0x0000000087500000, 0x0000000087500000, 0x0000000087600000|  0%| F|  |TAMS 0x0000000087500000| PB 0x0000000087500000| Untracked |  0
|  84|0x0000000087600000, 0x0000000087600000, 0x0000000087700000|  0%| F|  |TAMS 0x0000000087600000| PB 0x0000000087600000| Untracked |  0
|  85|0x0000000087700000, 0x0000000087700000, 0x0000000087800000|  0%| F|  |TAMS 0x0000000087700000| PB 0x0000000087700000| Untracked |  0
|  86|0x0000000087800000, 0x0000000087800000, 0x0000000087900000|  0%| F|  |TAMS 0x0000000087800000| PB 0x0000000087800000| Untracked |  0
|  87|0x0000000087900000, 0x0000000087900000, 0x0000000087a00000|  0%| F|  |TAMS 0x0000000087900000| PB 0x0000000087900000| Untracked |  0
|  88|0x0000000087a00000, 0x0000000087a00000, 0x0000000087b00000|  0%| F|  |TAMS 0x0000000087a00000| PB 0x0000000087a00000| Untracked |  0
|  89|0x0000000087b00000, 0x0000000087b00000, 0x0000000087c00000|  0%| F|  |TAMS 0x0000000087b00000| PB 0x0000000087b00000| Untracked |  0
|  90|0x0000000087c00000, 0x0000000087c00000, 0x0000000087d00000|  0%| F|  |TAMS 0x0000000087c00000| PB 0x0000000087c00000| Untracked |  0
|  91|0x0000000087d00000, 0x0000000087d00000, 0x0000000087e00000|  0%| F|  |TAMS 0x0000000087d00000| PB 0x0000000087d00000| Untracked |  0
|  92|0x0000000087e00000, 0x0000000087e00000, 0x0000000087f00000|  0%| F|  |TAMS 0x0000000087e00000| PB 0x0000000087e00000| Untracked |  0
|  93|0x0000000087f00000, 0x0000000087f00000, 0x0000000088000000|  0%| F|  |TAMS 0x0000000087f00000| PB 0x0000000087f00000| Untracked |  0
|  94|0x0000000088000000, 0x0000000088000000, 0x0000000088100000|  0%| F|  |TAMS 0x0000000088000000| PB 0x0000000088000000| Untracked |  0
|  95|0x0000000088100000, 0x0000000088100000, 0x0000000088200000|  0%| F|  |TAMS 0x0000000088100000| PB 0x0000000088100000| Untracked |  0
|  96|0x0000000088200000, 0x0000000088200000, 0x0000000088300000|  0%| F|  |TAMS 0x0000000088200000| PB 0x0000000088200000| Untracked |  0
|  97|0x0000000088300000, 0x0000000088300000, 0x0000000088400000|  0%| F|  |TAMS 0x0000000088300000| PB 0x0000000088300000| Untracked |  0
|  98|0x0000000088400000, 0x0000000088400000, 0x0000000088500000|  0%| F|  |TAMS 0x0000000088400000| PB 0x0000000088400000| Untracked |  0
|  99|0x0000000088500000, 0x0000000088500000, 0x0000000088600000|  0%| F|  |TAMS 0x0000000088500000| PB 0x0000000088500000| Untracked |  0
| 100|0x0000000088600000, 0x0000000088600000, 0x0000000088700000|  0%| F|  |TAMS 0x0000000088600000| PB 0x0000000088600000| Untracked |  0
| 101|0x0000000088700000, 0x0000000088700000, 0x0000000088800000|  0%| F|  |TAMS 0x0000000088700000| PB 0x0000000088700000| Untracked |  0
| 102|0x0000000088800000, 0x0000000088800000, 0x0000000088900000|  0%| F|  |TAMS 0x0000000088800000| PB 0x0000000088800000| Untracked |  0
| 103|0x0000000088900000, 0x0000000088900000, 0x0000000088a00000|  0%| F|  |TAMS 0x0000000088900000| PB 0x0000000088900000| Untracked |  0
| 104|0x0000000088a00000, 0x0000000088a00000, 0x0000000088b00000|  0%| F|  |TAMS 0x0000000088a00000| PB 0x0000000088a00000| Untracked |  0
| 105|0x0000000088b00000, 0x0000000088b80000, 0x0000000088c00000| 50%| E|  |TAMS 0x0000000088b00000| PB 0x0000000088b00000| Complete |  0
| 106|0x0000000088c00000, 0x0000000088d00000, 0x0000000088d00000|100%| E|CS|TAMS 0x0000000088c00000| PB 0x0000000088c00000| Complete |  0
| 107|0x0000000088d00000, 0x0000000088e00000, 0x0000000088e00000|100%| E|CS|TAMS 0x0000000088d00000| PB 0x0000000088d00000| Complete |  0
| 108|0x0000000088e00000, 0x0000000088f00000, 0x0000000088f00000|100%| E|CS|TAMS 0x0000000088e00000| PB 0x0000000088e00000| Complete |  0
| 109|0x0000000088f00000, 0x0000000089000000, 0x0000000089000000|100%| E|CS|TAMS 0x0000000088f00000| PB 0x0000000088f00000| Complete |  0
| 110|0x0000000089000000, 0x0000000089100000, 0x0000000089100000|100%| E|CS|TAMS 0x0000000089000000| PB 0x0000000089000000| Complete |  0
| 111|0x0000000089100000, 0x0000000089200000, 0x0000000089200000|100%| E|CS|TAMS 0x0000000089100000| PB 0x0000000089100000| Complete |  0
| 112|0x0000000089200000, 0x0000000089300000, 0x0000000089300000|100%| E|CS|TAMS 0x0000000089200000| PB 0x0000000089200000| Complete |  0
| 113|0x0000000089300000, 0x0000000089400000, 0x0000000089400000|100%| E|CS|TAMS 0x0000000089300000| PB 0x0000000089300000| Complete |  0
| 114|0x0000000089400000, 0x0000000089500000, 0x0000000089500000|100%| E|CS|TAMS 0x0000000089400000| PB 0x0000000089400000| Complete |  0
| 115|0x0000000089500000, 0x0000000089600000, 0x0000000089600000|100%| E|CS|TAMS 0x0000000089500000| PB 0x0000000089500000| Complete |  0
| 116|0x0000000089600000, 0x0000000089700000, 0x0000000089700000|100%| E|CS|TAMS 0x0000000089600000| PB 0x0000000089600000| Complete |  0
| 117|0x0000000089700000, 0x0000000089800000, 0x0000000089800000|100%| E|CS|TAMS 0x0000000089700000| PB 0x0000000089700000| Complete |  0
| 118|0x0000000089800000, 0x0000000089900000, 0x0000000089900000|100%| E|CS|TAMS 0x0000000089800000| PB 0x0000000089800000| Complete |  0
| 119|0x0000000089900000, 0x0000000089a00000, 0x0000000089a00000|100%| E|CS|TAMS 0x0000000089900000| PB 0x0000000089900000| Complete |  0
| 120|0x0000000089a00000, 0x0000000089b00000, 0x0000000089b00000|100%| E|CS|TAMS 0x0000000089a00000| PB 0x0000000089a00000| Complete |  0
| 121|0x0000000089b00000, 0x0000000089c00000, 0x0000000089c00000|100%| E|CS|TAMS 0x0000000089b00000| PB 0x0000000089b00000| Complete |  0
| 122|0x0000000089c00000, 0x0000000089d00000, 0x0000000089d00000|100%| E|CS|TAMS 0x0000000089c00000| PB 0x0000000089c00000| Complete |  0
| 123|0x0000000089d00000, 0x0000000089e00000, 0x0000000089e00000|100%| E|CS|TAMS 0x0000000089d00000| PB 0x0000000089d00000| Complete |  0
| 124|0x0000000089e00000, 0x0000000089f00000, 0x0000000089f00000|100%| E|CS|TAMS 0x0000000089e00000| PB 0x0000000089e00000| Complete |  0
| 125|0x0000000089f00000, 0x000000008a000000, 0x000000008a000000|100%| E|CS|TAMS 0x0000000089f00000| PB 0x0000000089f00000| Complete |  0
|2012|0x00000000ffe00000, 0x00000000fff00000, 0x00000000fff00000|100%| O|  |TAMS 0x00000000ffe00000| PB 0x00000000ffe00000| Untracked |  0
|2013|0x00000000fff00000, 0x00000000fff1c318, 0x0000000100000000| 11%| O|  |TAMS 0x00000000fff00000| PB 0x00000000fff00000| Untracked |  0

Card table byte_map: [0x000001ea727a0000,0x000001ea72b90000] _byte_map_base: 0x000001ea7238f000

Marking Bits: (CMBitMap*) 0x000001ea5a5cffa0
 Bits: [0x000001ea72b90000, 0x000001ea74b08000)

Polling page: 0x000001ea58550000

Metaspace:

Usage:
  Non-class:      6.89 MB used.
      Class:    626.67 KB used.
       Both:      7.51 MB used.

Virtual space:
  Non-class space:       64.00 MB reserved,       7.00 MB ( 11%) committed,  1 nodes.
      Class space:        1.00 GB reserved,     704.00 KB ( <1%) committed,  1 nodes.
             Both:        1.06 GB reserved,       7.69 MB ( <1%) committed. 

Chunk freelists:
   Non-Class:  8.97 MB
       Class:  15.23 MB
        Both:  24.20 MB

MaxMetaspaceSize: unlimited
CompressedClassSpaceSize: 1.00 GB
Initial GC threshold: 21.00 MB
Current GC threshold: 21.00 MB
CDS: on
 - commit_granule_bytes: 65536.
 - commit_granule_words: 8192.
 - virtual_space_node_default_size: 8388608.
 - enlarge_chunks_in_place: 1.
UseCompressedClassPointers 1, UseCompactObjectHeaders 0
Narrow klass pointer bits 32, Max shift 3
Narrow klass base: 0x000001ea00000000, Narrow klass shift: 0
Encoding Range: [0x000001ea00000000 - 0x000001eb00000000), (4294967296 bytes)
Klass Range:    [0x000001ea00000000 - 0x000001ea41000000), (1090519040 bytes)
Klass ID Range:  [8 - 1090519033) (1090519025)


Internal statistics:

num_allocs_failed_limit: 0.
num_arena_births: 110.
num_arena_deaths: 0.
num_vsnodes_births: 2.
num_vsnodes_deaths: 0.
num_space_committed: 123.
num_space_uncommitted: 0.
num_chunks_returned_to_freelist: 0.
num_chunks_taken_from_freelist: 131.
num_chunk_merges: 0.
num_chunk_splits: 86.
num_chunks_enlarged: 50.
num_inconsistent_stats: 0.

CodeHeap 'non-profiled nmethods': size=120064Kb used=330Kb max_used=330Kb free=119733Kb
 bounds [0x000001ea6ab40000, 0x000001ea6adb0000, 0x000001ea72080000]
CodeHeap 'profiled nmethods': size=120000Kb used=1881Kb max_used=1881Kb free=118118Kb
 bounds [0x000001ea63080000, 0x000001ea632f0000, 0x000001ea6a5b0000]
CodeHeap 'non-nmethods': size=5696Kb used=1461Kb max_used=1468Kb free=4234Kb
 bounds [0x000001ea6a5b0000, 0x000001ea6a820000, 0x000001ea6ab40000]
CodeCache: size=245760Kb, used=3672Kb, max_used=3679Kb, free=242085Kb
 total_blobs=1962, nmethods=1334, adapters=533, full_count=0
Compilation: enabled, stopped_count=0, restarted_count=0

Compilation events (20 events):
Event: 19.715 Thread 0x000001ea77550ca0 nmethod 1310 0x000001ea63242808 code [0x000001ea63242960, 0x000001ea63242c60]
Event: 19.750 Thread 0x000001ea77550ca0 1312       1       sun.java2d.SurfaceData::getColorModel (5 bytes)
Event: 19.750 Thread 0x000001ea77550ca0 nmethod 1312 0x000001ea6ab91c88 code [0x000001ea6ab91d80, 0x000001ea6ab91e48]
Event: 19.812 Thread 0x000001ea77550ca0 1313       3       java.awt.Component::setBoundsOp (51 bytes)
Event: 19.813 Thread 0x000001ea77550ca0 nmethod 1313 0x000001ea63242c88 code [0x000001ea63242da0, 0x000001ea63242f58]
Event: 19.822 Thread 0x000001ea77550ca0 1314       3       java.util.concurrent.locks.AbstractQueuedSynchronizer$ConditionObject::doSignal (62 bytes)
Event: 19.823 Thread 0x000001ea77550ca0 nmethod 1314 0x000001ea63242f88 code [0x000001ea632430e0, 0x000001ea632435a0]
Event: 19.857 Thread 0x000001ea77550ca0 1315       3       sun.awt.WeakIdentityHashMap::get (19 bytes)
Event: 19.859 Thread 0x000001ea77550ca0 nmethod 1315 0x000001ea63243608 code [0x000001ea632437a0, 0x000001ea63243f38]
Event: 19.859 Thread 0x000001ea77550ca0 1316       3       sun.awt.WeakIdentityHashMap::getMap (31 bytes)
Event: 19.860 Thread 0x000001ea77550ca0 nmethod 1316 0x000001ea63243f88 code [0x000001ea632440c0, 0x000001ea63244400]
Event: 19.863 Thread 0x000001ea77550ca0 1317   !   3       sun.awt.GlobalCursorManager$NativeUpdater::run (43 bytes)
Event: 19.864 Thread 0x000001ea77550ca0 nmethod 1317 0x000001ea63244488 code [0x000001ea632445c0, 0x000001ea632448f8]
Event: 19.865 Thread 0x000001ea77550ca0 1318       3       java.awt.Component::dispatchEvent (6 bytes)
Event: 19.865 Thread 0x000001ea77550ca0 nmethod 1318 0x000001ea63244908 code [0x000001ea63244a20, 0x000001ea63244be8]
Event: 19.884 Thread 0x000001ea77550ca0 1319   !   3       java.awt.event.InvocationEvent::finishedDispatching (53 bytes)
Event: 19.885 Thread 0x000001ea77550ca0 nmethod 1319 0x000001ea63244c08 code [0x000001ea63244d40, 0x000001ea632451c8]
Event: 19.974 Thread 0x000001ea7754a260 1320       4       java.util.ArrayList$Itr::hasNext (20 bytes)
Event: 19.976 Thread 0x000001ea7754a260 nmethod 1320 0x000001ea6ab91f88 code [0x000001ea6ab92080, 0x000001ea6ab92118]
Event: 20.020 Thread 0x000001ea7754a260 1321   !   4       sun.awt.AppContext::get (123 bytes)

GC Heap History (0 events):
No events

Dll operation events (10 events):
Event: 0.024 Loaded shared library C:\Program Files\Apache NetBeans\jdk\bin\java.dll
Event: 0.090 Loaded shared library C:\Program Files\Apache NetBeans\jdk\bin\jsvml.dll
Event: 0.170 Loaded shared library C:\Program Files\Apache NetBeans\jdk\bin\net.dll
Event: 0.174 Loaded shared library C:\Program Files\Apache NetBeans\jdk\bin\nio.dll
Event: 0.292 Loaded shared library C:\Program Files\Apache NetBeans\jdk\bin\zip.dll
Event: 0.345 Loaded shared library C:\Program Files\Apache NetBeans\jdk\bin\jimage.dll
Event: 0.389 Loaded shared library C:\Program Files\Apache NetBeans\jdk\bin\awt.dll
Event: 1.043 Loaded shared library C:\Program Files\Apache NetBeans\jdk\bin\javajpeg.dll
Event: 1.335 Loaded shared library C:\Program Files\Apache NetBeans\jdk\bin\freetype.dll
Event: 1.339 Loaded shared library C:\Program Files\Apache NetBeans\jdk\bin\fontmanager.dll

Deoptimization events (20 events):
Event: 1.803 Thread 0x000001ea459cf3b0 Uncommon trap: trap_request=0xffffffde fr.pc=0x000001ea6ab75108 relative=0x00000000000002c8
Event: 1.803 Thread 0x000001ea459cf3b0 Uncommon trap: reason=class_check action=maybe_recompile pc=0x000001ea6ab75108 method=java.util.HashMap.getNode(Ljava/lang/Object;)Ljava/util/HashMap$Node; @ 63 c2
Event: 1.803 Thread 0x000001ea459cf3b0 DEOPT PACKING pc=0x000001ea6ab75108 sp=0x000000b6540fd6d0
Event: 1.803 Thread 0x000001ea459cf3b0 DEOPT UNPACKING pc=0x000001ea6a6c6302 sp=0x000000b6540fd5d8 mode 2
Event: 1.892 Thread 0x000001ea459cf3b0 Uncommon trap: trap_request=0xffffffde fr.pc=0x000001ea6ab75108 relative=0x00000000000002c8
Event: 1.892 Thread 0x000001ea459cf3b0 Uncommon trap: reason=class_check action=maybe_recompile pc=0x000001ea6ab75108 method=java.util.HashMap.getNode(Ljava/lang/Object;)Ljava/util/HashMap$Node; @ 63 c2
Event: 1.892 Thread 0x000001ea459cf3b0 DEOPT PACKING pc=0x000001ea6ab75108 sp=0x000000b6540fe0c0
Event: 1.892 Thread 0x000001ea459cf3b0 DEOPT UNPACKING pc=0x000001ea6a6c6302 sp=0x000000b6540fdfc8 mode 2
Event: 1.892 Thread 0x000001ea459cf3b0 Uncommon trap: trap_request=0xffffffde fr.pc=0x000001ea6ab75108 relative=0x00000000000002c8
Event: 1.892 Thread 0x000001ea459cf3b0 Uncommon trap: reason=class_check action=maybe_recompile pc=0x000001ea6ab75108 method=java.util.HashMap.getNode(Ljava/lang/Object;)Ljava/util/HashMap$Node; @ 63 c2
Event: 1.892 Thread 0x000001ea459cf3b0 DEOPT PACKING pc=0x000001ea6ab75108 sp=0x000000b6540fdfb0
Event: 1.892 Thread 0x000001ea459cf3b0 DEOPT UNPACKING pc=0x000001ea6a6c6302 sp=0x000000b6540fdeb8 mode 2
Event: 2.134 Thread 0x000001ea459cf3b0 Uncommon trap: trap_request=0xffffffde fr.pc=0x000001ea6ab718f8 relative=0x00000000000002b8
Event: 2.134 Thread 0x000001ea459cf3b0 Uncommon trap: reason=class_check action=maybe_recompile pc=0x000001ea6ab718f8 method=java.util.HashMap.getNode(Ljava/lang/Object;)Ljava/util/HashMap$Node; @ 63 c2
Event: 2.134 Thread 0x000001ea459cf3b0 DEOPT PACKING pc=0x000001ea6ab718f8 sp=0x000000b6540fded0
Event: 2.134 Thread 0x000001ea459cf3b0 DEOPT UNPACKING pc=0x000001ea6a6c6302 sp=0x000000b6540fde48 mode 2
Event: 19.626 Thread 0x000001ea459cf3b0 Uncommon trap: trap_request=0xffffff4d fr.pc=0x000001ea6ab90684 relative=0x00000000000000e4
Event: 19.626 Thread 0x000001ea459cf3b0 Uncommon trap: reason=unstable_if action=reinterpret pc=0x000001ea6ab90684 method=java.awt.Component.inside(II)Z @ 21 c2
Event: 19.626 Thread 0x000001ea459cf3b0 DEOPT PACKING pc=0x000001ea6ab90684 sp=0x000000b6540fe790
Event: 19.626 Thread 0x000001ea459cf3b0 DEOPT UNPACKING pc=0x000001ea6a6c6302 sp=0x000000b6540fe628 mode 2

Classes loaded (20 events):
Event: 2.588 Loading class java/awt/event/MouseEvent$1
Event: 2.588 Loading class sun/awt/AWTAccessor$MouseEventAccessor
Event: 2.589 Loading class sun/awt/AWTAccessor$MouseEventAccessor done
Event: 2.589 Loading class java/awt/event/MouseEvent$1 done
Event: 2.597 Loading class java/awt/Cursor$CursorDisposer
Event: 2.597 Loading class java/awt/Cursor$CursorDisposer done
Event: 2.602 Loading class java/awt/Container$MouseEventTargetFilter
Event: 2.602 Loading class java/awt/Container$EventTargetFilter
Event: 2.603 Loading class java/awt/Container$EventTargetFilter done
Event: 2.603 Loading class java/awt/Container$MouseEventTargetFilter done
Event: 2.603 Loading class java/awt/event/AWTEventListenerProxy
Event: 2.603 Loading class java/awt/event/AWTEventListenerProxy done
Event: 2.603 Loading class java/awt/Toolkit$SelectiveAWTEventListener
Event: 2.604 Loading class java/awt/Toolkit$SelectiveAWTEventListener done
Event: 2.604 Loading class java/awt/Toolkit$ToolkitEventMulticaster
Event: 2.604 Loading class java/awt/Toolkit$ToolkitEventMulticaster done
Event: 2.604 Loading class java/awt/event/MouseWheelEvent
Event: 2.605 Loading class java/awt/event/MouseWheelEvent done
Event: 19.744 Loading class javax/swing/event/ChangeEvent
Event: 19.745 Loading class javax/swing/event/ChangeEvent done

Classes unloaded (0 events):
No events

Classes redefined (0 events):
No events

Internal exceptions (20 events):
Event: 0.671 Thread 0x000001ea5816c5c0 Exception <a 'java/lang/NoSuchMethodError'{0x0000000089cf8318}: 'java.lang.Object java.lang.invoke.DirectMethodHandle$Holder.invokeStaticInit(java.lang.Object, long, java.lang.Object)'> (0x0000000089cf8318) 
thrown [s\src\hotspot\share\interpreter\linkResolver.cpp, line 805]
Event: 0.674 Thread 0x000001ea5816c5c0 Exception <a 'java/lang/NoSuchMethodError'{0x0000000089b80c60}: 'java.lang.Object java.lang.invoke.DirectMethodHandle$Holder.invokeStatic(java.lang.Object, long)'> (0x0000000089b80c60) 
thrown [s\src\hotspot\share\interpreter\linkResolver.cpp, line 805]
Event: 0.676 Thread 0x000001ea5816c5c0 Exception <a 'java/lang/NoSuchMethodError'{0x0000000089b88c80}: 'java.lang.Object java.lang.invoke.DirectMethodHandle$Holder.invokeStaticInit(java.lang.Object, long)'> (0x0000000089b88c80) 
thrown [s\src\hotspot\share\interpreter\linkResolver.cpp, line 805]
Event: 0.766 Thread 0x000001ea5816c5c0 Exception <a 'java/lang/NoSuchMethodError'{0x0000000089bb90c8}: 'void java.lang.invoke.DirectMethodHandle$Holder.invokeSpecial(java.lang.Object, java.lang.Object, java.lang.Object)'> (0x0000000089bb90c8) 
thrown [s\src\hotspot\share\interpreter\linkResolver.cpp, line 805]
Event: 0.795 Thread 0x000001ea5816c5c0 Exception <a 'java/lang/NoSuchMethodError'{0x0000000089a28b20}: 'java.lang.Object java.lang.invoke.DirectMethodHandle$Holder.newInvokeSpecial(java.lang.Object, java.lang.Object, java.lang.Object, java.lang.Object, java.lang.Object)'> (0x0000000089a28b20) 
thrown [s\src\hotspot\share\interpreter\linkResolver.cpp, line 805]
Event: 0.814 Thread 0x000001ea5816c5c0 Exception <a 'java/lang/NoSuchMethodError'{0x0000000089a91af8}: 'java.lang.Object java.lang.invoke.DirectMethodHandle$Holder.invokeStatic(java.lang.Object, int, java.lang.Object)'> (0x0000000089a91af8) 
thrown [s\src\hotspot\share\interpreter\linkResolver.cpp, line 805]
Event: 0.890 Thread 0x000001ea5816c5c0 Exception <a 'java/lang/ClassNotFoundException'{0x00000000898c0720}: com/sun/swing/internal/plaf/metal/resources/spi/metalProvider> (0x00000000898c0720) 
thrown [s\src\hotspot\share\classfile\systemDictionary.cpp, line 327]
Event: 0.892 Thread 0x000001ea5816c5c0 Exception <a 'java/lang/ClassNotFoundException'{0x00000000898c4180}: com/sun/swing/internal/plaf/basic/resources/spi/basicProvider> (0x00000000898c4180) 
thrown [s\src\hotspot\share\classfile\systemDictionary.cpp, line 327]
Event: 0.915 Thread 0x000001ea5816c5c0 Exception <a 'java/lang/NoSuchMethodError'{0x00000000898f1d08}: 'int java.lang.invoke.Invokers$Holder.invokeExact_MT(java.lang.Object, java.lang.Object)'> (0x00000000898f1d08) 
thrown [s\src\hotspot\share\interpreter\linkResolver.cpp, line 805]
Event: 1.249 Thread 0x000001ea455dae80 Exception <a 'java/lang/NoSuchMethodError'{0x0000000089b105e8}: 'void java.lang.invoke.DirectMethodHandle$Holder.invokeVirtual(java.lang.Object, java.lang.Object)'> (0x0000000089b105e8) 
thrown [s\src\hotspot\share\interpreter\linkResolver.cpp, line 805]
Event: 1.313 Thread 0x000001ea5816c5c0 Exception <a 'java/lang/NoSuchMethodError'{0x0000000088fa7b20}: 'void java.lang.invoke.DirectMethodHandle$Holder.invokeStaticInit(java.lang.Object)'> (0x0000000088fa7b20) 
thrown [s\src\hotspot\share\interpreter\linkResolver.cpp, line 805]
Event: 1.370 Thread 0x000001ea5816c5c0 Exception <a 'java/lang/NoSuchMethodError'{0x0000000088fdc230}: 'long java.lang.invoke.DirectMethodHandle$Holder.invokeStaticInit(java.lang.Object, long, long, long, long)'> (0x0000000088fdc230) 
thrown [s\src\hotspot\share\interpreter\linkResolver.cpp, line 805]
Event: 1.372 Thread 0x000001ea5816c5c0 Exception <a 'java/lang/NoSuchMethodError'{0x0000000088fe4c38}: 'java.lang.Object java.lang.invoke.DirectMethodHandle$Holder.invokeInterface(java.lang.Object, java.lang.Object, long, long)'> (0x0000000088fe4c38) 
thrown [s\src\hotspot\share\interpreter\linkResolver.cpp, line 805]
Event: 1.377 Thread 0x000001ea5816c5c0 Exception <a 'java/lang/NoSuchMethodError'{0x0000000088ffd510}: 'void java.lang.invoke.DirectMethodHandle$Holder.invokeStaticInit(java.lang.Object, java.lang.Object, long, java.lang.Object)'> (0x0000000088ffd510) 
thrown [s\src\hotspot\share\interpreter\linkResolver.cpp, line 805]
Event: 1.380 Thread 0x000001ea5816c5c0 Exception <a 'java/lang/NoSuchMethodError'{0x0000000088e87458}: 'long java.lang.invoke.DirectMethodHandle$Holder.invokeStatic(java.lang.Object, long, long)'> (0x0000000088e87458) 
thrown [s\src\hotspot\share\interpreter\linkResolver.cpp, line 805]
Event: 1.396 Thread 0x000001ea5816c5c0 Exception <a 'java/lang/NoSuchMethodError'{0x0000000088eb0350}: 'java.lang.Object java.lang.invoke.DirectMethodHandle$Holder.newInvokeSpecial(java.lang.Object, int, java.lang.Object)'> (0x0000000088eb0350) 
thrown [s\src\hotspot\share\interpreter\linkResolver.cpp, line 805]
Event: 1.421 Thread 0x000001ea5816c5c0 Exception <a 'java/io/FileNotFoundException'{0x0000000088ee2e20}> (0x0000000088ee2e20) 
thrown [s\src\hotspot\share\prims\jni.cpp, line 518]
Event: 1.730 Thread 0x000001ea459cf3b0 Exception <a 'java/lang/NoSuchMethodError'{0x0000000088e2d338}: 'void java.lang.invoke.DelegatingMethodHandle$Holder.reinvoke_L(java.lang.Object, java.lang.Object, java.lang.Object, java.lang.Object, long, long, float)'> (0x0000000088e2d338) 
thrown [s\src\hotspot\share\interpreter\linkResolver.cpp, line 805]
Event: 1.745 Thread 0x000001ea459cf3b0 Exception <a 'java/lang/NoSuchMethodError'{0x0000000088e4d988}: 'java.lang.Object java.lang.invoke.DirectMethodHandle$Holder.invokeStatic(java.lang.Object, java.lang.Object, java.lang.Object, java.lang.Object, java.lang.Object, long)'> (0x0000000088e4d988) 
thrown [s\src\hotspot\share\interpreter\linkResolver.cpp, line 805]
Event: 1.765 Thread 0x000001ea459cf3b0 Exception <a 'java/lang/NoSuchMethodError'{0x0000000088c91418}: 'float java.lang.invoke.DelegatingMethodHandle$Holder.reinvoke_L(java.lang.Object, java.lang.Object, java.lang.Object, java.lang.Object, long, long)'> (0x0000000088c91418) 
thrown [s\src\hotspot\share\interpreter\linkResolver.cpp, line 805]

VM Operations (10 events):
Event: 0.191 Executing VM operation: HandshakeAllThreads (Deoptimize)
Event: 0.191 Executing VM operation: HandshakeAllThreads (Deoptimize) done
Event: 1.025 Executing VM operation: HandshakeAllThreads (Deoptimize)
Event: 1.025 Executing VM operation: HandshakeAllThreads (Deoptimize) done
Event: 1.098 Executing VM operation: HandshakeAllThreads (Deoptimize)
Event: 1.098 Executing VM operation: HandshakeAllThreads (Deoptimize) done
Event: 1.197 Executing VM operation: HandshakeAllThreads (Deoptimize)
Event: 1.197 Executing VM operation: HandshakeAllThreads (Deoptimize) done
Event: 1.391 Executing VM operation: HandshakeAllThreads (Deoptimize)
Event: 1.391 Executing VM operation: HandshakeAllThreads (Deoptimize) done

Memory protections (0 events):
No events

Nmethod flushes (0 events):
No events

Events (20 events):
Event: 0.083 Thread 0x000001ea5816c5c0 Thread added: 0x000001ea77531da0
Event: 0.084 Thread 0x000001ea5816c5c0 Thread added: 0x000001ea77538bb0
Event: 0.084 Thread 0x000001ea5816c5c0 Thread added: 0x000001ea775396e0
Event: 0.084 Thread 0x000001ea5816c5c0 Thread added: 0x000001ea7753ac30
Event: 0.084 Thread 0x000001ea5816c5c0 Thread added: 0x000001ea7753bf00
Event: 0.084 Thread 0x000001ea5816c5c0 Thread added: 0x000001ea7754a260
Event: 0.085 Thread 0x000001ea5816c5c0 Thread added: 0x000001ea77550ca0
Event: 0.166 Thread 0x000001ea5816c5c0 Thread added: 0x000001ea450c4c00
Event: 0.254 Thread 0x000001ea5816c5c0 Thread added: 0x000001ea451440e0
Event: 0.267 Thread 0x000001ea77550ca0 Thread added: 0x000001ea77552ae0
Event: 0.523 Thread 0x000001ea77552ae0 Thread exited: 0x000001ea77552ae0
Event: 0.599 Thread 0x000001ea5816c5c0 Thread added: 0x000001ea459952d0
Event: 0.602 Thread 0x000001ea5816c5c0 Thread added: 0x000001ea45870350
Event: 0.604 Thread 0x000001ea5816c5c0 Thread added: 0x000001ea455dae80
Event: 0.931 Thread 0x000001ea5816c5c0 Thread added: 0x000001ea45a39170
Event: 1.244 Thread 0x000001ea455dae80 Thread added: 0x000001ea459cf3b0
Event: 1.619 Thread 0x000001ea5816c5c0 Thread added: 0x000001ea45a3b7b0
Event: 1.619 Thread 0x000001ea5816c5c0 Thread exited: 0x000001ea5816c5c0
Event: 1.620 Thread 0x000001ea5816c5c0 Thread added: 0x000001ea5816c5c0
Event: 6.190 Thread 0x000001ea45a39170 Thread exited: 0x000001ea45a39170


Dynamic libraries:
0x00007ff618b80000 - 0x00007ff618b8e000 	C:\Program Files\Apache NetBeans\jdk\bin\java.exe
0x00007ffdebe90000 - 0x00007ffdec0a7000 	C:\WINDOWS\SYSTEM32\ntdll.dll
0x00007ffdea210000 - 0x00007ffdea2d4000 	C:\WINDOWS\System32\KERNEL32.DLL
0x00007ffde9740000 - 0x00007ffde9b12000 	C:\WINDOWS\System32\KERNELBASE.dll
0x00007ffde8f80000 - 0x00007ffde9091000 	C:\WINDOWS\System32\ucrtbase.dll
0x00007ffde18e0000 - 0x00007ffde18fe000 	C:\Program Files\Apache NetBeans\jdk\bin\VCRUNTIME140.dll
0x00007ffddc8b0000 - 0x00007ffddc8c6000 	C:\Program Files\Apache NetBeans\jdk\bin\jli.dll
0x00007ffdeb590000 - 0x00007ffdeb741000 	C:\WINDOWS\System32\USER32.dll
0x00007ffdd19d0000 - 0x00007ffdd1c6b000 	C:\WINDOWS\WinSxS\amd64_microsoft.windows.common-controls_6595b64144ccf1df_6.0.22621.5697_none_27154c497380d676\COMCTL32.dll
0x00007ffde9400000 - 0x00007ffde9426000 	C:\WINDOWS\System32\win32u.dll
0x00007ffdea150000 - 0x00007ffdea1f7000 	C:\WINDOWS\System32\msvcrt.dll
0x00007ffdeae00000 - 0x00007ffdeae29000 	C:\WINDOWS\System32\GDI32.dll
0x00007ffde92d0000 - 0x00007ffde93f3000 	C:\WINDOWS\System32\gdi32full.dll
0x00007ffde96a0000 - 0x00007ffde973a000 	C:\WINDOWS\System32\msvcp_win.dll
0x00007ffdeb550000 - 0x00007ffdeb581000 	C:\WINDOWS\System32\IMM32.DLL
0x00007ffde2010000 - 0x00007ffde201c000 	C:\Program Files\Apache NetBeans\jdk\bin\vcruntime140_1.dll
0x00007ffdb2a70000 - 0x00007ffdb2afd000 	C:\Program Files\Apache NetBeans\jdk\bin\msvcp140.dll
0x00007ffd93540000 - 0x00007ffd943bc000 	C:\Program Files\Apache NetBeans\jdk\bin\server\jvm.dll
0x00007ffdeb860000 - 0x00007ffdeb911000 	C:\WINDOWS\System32\ADVAPI32.dll
0x00007ffdeacb0000 - 0x00007ffdead58000 	C:\WINDOWS\System32\sechost.dll
0x00007ffde92a0000 - 0x00007ffde92c8000 	C:\WINDOWS\System32\bcrypt.dll
0x00007ffdea2e0000 - 0x00007ffdea3f7000 	C:\WINDOWS\System32\RPCRT4.dll
0x00007ffdebdd0000 - 0x00007ffdebe41000 	C:\WINDOWS\System32\WS2_32.dll
0x00007ffde7db0000 - 0x00007ffde7dfd000 	C:\WINDOWS\SYSTEM32\POWRPROF.dll
0x00007ffde1830000 - 0x00007ffde1864000 	C:\WINDOWS\SYSTEM32\WINMM.dll
0x00007ffde1d10000 - 0x00007ffde1d1a000 	C:\WINDOWS\SYSTEM32\VERSION.dll
0x00007ffde7d90000 - 0x00007ffde7da3000 	C:\WINDOWS\SYSTEM32\UMPDC.dll
0x00007ffde8050000 - 0x00007ffde8068000 	C:\WINDOWS\SYSTEM32\kernel.appcore.dll
0x00007ffde1a90000 - 0x00007ffde1a9a000 	C:\Program Files\Apache NetBeans\jdk\bin\jimage.dll
0x00007ffde38e0000 - 0x00007ffde3b13000 	C:\WINDOWS\SYSTEM32\DBGHELP.DLL
0x00007ffdeb920000 - 0x00007ffdebcb2000 	C:\WINDOWS\System32\combase.dll
0x00007ffdea070000 - 0x00007ffdea148000 	C:\WINDOWS\System32\OLEAUT32.dll
0x00007ffdc1280000 - 0x00007ffdc12b2000 	C:\WINDOWS\SYSTEM32\dbgcore.DLL
0x00007ffde9620000 - 0x00007ffde969b000 	C:\WINDOWS\System32\bcryptPrimitives.dll
0x00007ffde18c0000 - 0x00007ffde18de000 	C:\Program Files\Apache NetBeans\jdk\bin\java.dll
0x00007ffdeae30000 - 0x00007ffdeafd0000 	C:\WINDOWS\System32\ole32.dll
0x00007ffdea400000 - 0x00007ffdeaca1000 	C:\WINDOWS\System32\SHELL32.dll
0x00007ffde9160000 - 0x00007ffde929f000 	C:\WINDOWS\System32\wintypes.dll
0x00007ffde6e70000 - 0x00007ffde778a000 	C:\WINDOWS\SYSTEM32\windows.storage.dll
0x00007ffde9f40000 - 0x00007ffdea04b000 	C:\WINDOWS\System32\SHCORE.dll
0x00007ffde9ba0000 - 0x00007ffde9c09000 	C:\WINDOWS\System32\shlwapi.dll
0x00007ffde8eb0000 - 0x00007ffde8edb000 	C:\WINDOWS\SYSTEM32\profapi.dll
0x00007ffdac050000 - 0x00007ffdac127000 	C:\Program Files\Apache NetBeans\jdk\bin\jsvml.dll
0x00007ffddd0b0000 - 0x00007ffddd0c0000 	C:\Program Files\Apache NetBeans\jdk\bin\net.dll
0x00007ffde8520000 - 0x00007ffde8589000 	C:\WINDOWS\system32\mswsock.dll
0x00007ffdd2af0000 - 0x00007ffdd2b06000 	C:\Program Files\Apache NetBeans\jdk\bin\nio.dll
0x00007ffdd2f90000 - 0x00007ffdd2fa7000 	C:\Program Files\Apache NetBeans\jdk\bin\zip.dll
0x00007ffdae300000 - 0x00007ffdae47e000 	C:\Program Files\Apache NetBeans\jdk\bin\awt.dll
0x00007ffde0590000 - 0x00007ffde0627000 	C:\WINDOWS\SYSTEM32\apphelp.dll
0x00007ffde3170000 - 0x00007ffde319b000 	C:\WINDOWS\system32\DWMAPI.DLL
0x00007ffde2ee0000 - 0x00007ffde2f94000 	C:\WINDOWS\system32\uxtheme.dll
0x00007ffdcc350000 - 0x00007ffdcc450000 	C:\WINDOWS\system32\opengl32.dll
0x00007ffdcbf20000 - 0x00007ffdcbf4d000 	C:\WINDOWS\SYSTEM32\GLU32.dll
0x00007ffde3380000 - 0x00007ffde33b7000 	C:\WINDOWS\SYSTEM32\dxcore.dll
0x00007ffde9c10000 - 0x00007ffde9d70000 	C:\WINDOWS\System32\MSCTF.dll
0x00007ffddd210000 - 0x00007ffddd23e000 	C:\Program Files\Apache NetBeans\jdk\bin\javajpeg.dll
0x00007ffdae270000 - 0x00007ffdae2f7000 	C:\Program Files\Apache NetBeans\jdk\bin\freetype.dll
0x00007ffdadcd0000 - 0x00007ffdaddb9000 	C:\Program Files\Apache NetBeans\jdk\bin\fontmanager.dll
0x00007ffddd6b0000 - 0x00007ffddd7f5000 	C:\WINDOWS\SYSTEM32\textinputframework.dll
0x00007ffddffb0000 - 0x00007ffde00e3000 	C:\WINDOWS\SYSTEM32\CoreMessaging.dll
0x00007ffddc0c0000 - 0x00007ffddc42c000 	C:\WINDOWS\SYSTEM32\CoreUIComponents.dll
0x00007ffde8790000 - 0x00007ffde879c000 	C:\WINDOWS\SYSTEM32\CRYPTBASE.DLL
0x00007ffdebd20000 - 0x00007ffdebdd0000 	C:\WINDOWS\System32\clbcatq.dll

JVMTI agents: none

dbghelp: loaded successfully - version: 4.0.5 - missing functions: none
symbol engine: initialized successfully - sym options: 0x614 - pdb path: .;C:\Program Files\Apache NetBeans\jdk\bin;C:\WINDOWS\SYSTEM32;C:\WINDOWS\WinSxS\amd64_microsoft.windows.common-controls_6595b64144ccf1df_6.0.22621.5697_none_27154c497380d676;C:\Program Files\Apache NetBeans\jdk\bin\server

VM Arguments:
jvm_args: -Dfile.encoding=UTF-8 --module-path=C:\Users\DELL\OneDrive\Documents\NetBeansProjects\Employee Management\build\classes 
java_command: employee.management.Splash
java_class_path (initial): C:\Users\DELL\Downloads\mysql-connector-java-8.0.28 (1).jar;C:\Users\DELL\Downloads\jcalendar-tz-1.3.3-4 (1).jar;C:\Users\DELL\Downloads\rs2xml.jar;C:\Users\DELL\OneDrive\Documents\NetBeansProjects\Employee Management\build\classes
Launcher Type: SUN_STANDARD

[Global flags]
     intx CICompilerCount                          = 4                                         {product} {ergonomic}
     uint ConcGCThreads                            = 2                                         {product} {ergonomic}
     uint G1ConcRefinementThreads                  = 8                                         {product} {ergonomic}
   size_t G1HeapRegionSize                         = 1048576                                   {product} {ergonomic}
   size_t InitialHeapSize                          = 132120576                                 {product} {ergonomic}
   size_t MarkStackSize                            = 4194304                                   {product} {ergonomic}
   size_t MarkStackSizeMax                         = 536870912                                 {product} {ergonomic}
   size_t MaxHeapSize                              = 2111832064                                {product} {ergonomic}
   size_t MaxNewSize                               = 1266679808                                {product} {ergonomic}
   size_t MinHeapDeltaBytes                        = 1048576                                   {product} {ergonomic}
   size_t MinHeapSize                              = 8388608                                   {product} {ergonomic}
    uintx NonNMethodCodeHeapSize                   = 5832704                                {pd product} {ergonomic}
    uintx NonProfiledCodeHeapSize                  = 122945536                              {pd product} {ergonomic}
    uintx ProfiledCodeHeapSize                     = 122880000                              {pd product} {ergonomic}
    uintx ReservedCodeCacheSize                    = 251658240                              {pd product} {ergonomic}
     bool SegmentedCodeCache                       = true                                      {product} {ergonomic}
   size_t SoftMaxHeapSize                          = 2111832064                             {manageable} {ergonomic}
     bool UseCompressedOops                        = true                           {product lp64_product} {ergonomic}
     bool UseG1GC                                  = true                                      {product} {ergonomic}
     bool UseLargePagesIndividualAllocation        = false                                  {pd product} {ergonomic}

Logging:
Log output configuration:
 #0: stdout all=warning uptime,level,tags foldmultilines=false
 #1: stderr all=off uptime,level,tags foldmultilines=false

Environment Variables:
PATH=C:\Program Files\Common Files\Oracle\Java\javapath;C:\Program Files\Python311\Scripts\;C:\Program Files\Python311\;C:\WINDOWS\system32;C:\WINDOWS;C:\WINDOWS\System32\Wbem;C:\WINDOWS\System32\WindowsPowerShell\v1.0\;C:\WINDOWS\System32\OpenSSH\;C:\MinGW\bin;C:\Program Files\Java\jdk-21\bin;C:\Program Files\MySQL\MySQL Shell 8.0\bin\;C:\Users\DELL\AppData\Local\Microsoft\WindowsApps;;C:\Users\DELL\AppData\Local\Programs\Microsoft VS Code\bin;C:\Program Files\JetBrains\IntelliJ IDEA Community Edition 2023.3.2\bin;;C:\Program Files\JetBrains\IntelliJ IDEA 2024.3.3\bin;
USERNAME=DELL
OS=Windows_NT
PROCESSOR_IDENTIFIER=Intel64 Family 6 Model 142 Stepping 10, GenuineIntel
TMP=C:\Users\DELL\AppData\Local\Temp
TEMP=C:\Users\DELL\AppData\Local\Temp




Periodic native trim disabled

---------------  S Y S T E M  ---------------

OS:
 Windows 11 , 64 bit Build 22621 (10.0.22621.5415)
OS uptime: 23 days 19:12 hours

CPU: total 8 (initial active 8) (4 cores per cpu, 2 threads per core) family 6 model 142 stepping 10 microcode 0xf4, cx8, cmov, fxsr, ht, mmx, 3dnowpref, sse, sse2, sse3, ssse3, sse4.1, sse4.2, popcnt, lzcnt, tsc, tscinvbit, avx, avx2, aes, erms, clmul, bmi1, bmi2, adx, fma, vzeroupper, clflush, clflushopt, rdtscp, f16c
Processor Information for the first 8 processors :
  Max Mhz: 1800, Current Mhz: 1400, Mhz Limit: 1584

Memory: 4k page, system-wide physical 8050M (393M free)
TotalPageFile size 23496M (AvailPageFile size 1M)
current process WorkingSet (physical memory assigned to process): 117M, peak: 117M
current process commit charge ("private bytes"): 242M, peak: 242M

vm_info: OpenJDK 64-Bit Server VM (24.0.2+12) for windows-amd64 JRE (24.0.2+12) (Zulu24.32+13-CA), built on 2025-07-11T12:45:44Z with MS VC++ 17.1 (VS2022)

END.
